2010-10-15 10:09:04 Debug: Notice (1024): Please change the value of 'Security.cipherSeed' in app/config/core.php to a numeric (digits only) seed value specific to your application in [C:\AppServ\www\adm-ad\secretaria2\cake\libs\debugger.php, line 688]
2010-10-15 10:35:14 Debug: Notice (8): Undefined variable: session in [C:\AppServ\www\adm-ad\secretaria2\app\views\login\index.ctp, line 1]
2010-10-15 10:36:04 Debug: Notice (8): Undefined variable: cakeDebug in [C:\AppServ\www\adm-ad\secretaria2\app\views\layouts\login.ctp, line 71]
2010-10-15 10:36:22 Debug: Notice (8): Undefined variable: session in [C:\AppServ\www\adm-ad\secretaria2\app\views\login\home.ctp, line 1]
2010-10-15 10:36:46 Debug: Notice (8): Undefined index:  tipo in [C:\AppServ\www\adm-ad\secretaria2\app\views\login\home.ctp, line 6]
2010-10-15 10:36:46 Debug: Notice (8): Undefined variable: session in [C:\AppServ\www\adm-ad\secretaria2\app\views\layouts\default.ctp, line 43]
2010-10-15 10:36:47 Debug: Notice (8): Undefined variable: session in [C:\AppServ\www\adm-ad\secretaria2\app\views\layouts\default.ctp, line 43]
2010-10-15 10:38:04 Debug: Notice (8): Undefined index:  tipo in [C:\AppServ\www\adm-ad\secretaria2\app\views\login\home.ctp, line 6]
2010-10-15 10:38:04 Debug: Notice (8): Undefined variable: cakeDebug in [C:\AppServ\www\adm-ad\secretaria2\app\views\layouts\default.ctp, line 112]
2010-10-15 10:38:05 Debug: Notice (8): Undefined variable: cakeDebug in [C:\AppServ\www\adm-ad\secretaria2\app\views\layouts\default.ctp, line 112]
2010-10-15 10:38:27 Debug: Notice (8): Undefined variable: cakeDebug in [C:\AppServ\www\adm-ad\secretaria2\app\views\layouts\login.ctp, line 71]
2010-10-15 10:38:44 Debug: Notice (8): Undefined variable: cakeDebug in [C:\AppServ\www\adm-ad\secretaria2\app\views\layouts\login.ctp, line 71]
2010-10-15 10:40:00 Debug: Notice (8): Undefined index:  id in [C:\AppServ\www\adm-ad\secretaria2\app\views\membros\add.ctp, line 29]
2010-10-15 10:40:35 Debug: Notice (8): Undefined index:  id in [C:\AppServ\www\adm-ad\secretaria2\app\views\membros\add.ctp, line 29]
2010-10-15 10:40:38 Debug: Notice (8): Undefined variable: cakeDebug in [C:\AppServ\www\adm-ad\secretaria2\app\views\layouts\popup.ctp, line 31]
2010-10-15 10:40:43 Debug: Notice (8): Undefined variable: cakeDebug in [C:\AppServ\www\adm-ad\secretaria2\app\views\layouts\popup.ctp, line 31]
2010-10-15 11:01:46 Debug: Notice (8): Undefined variable: cakeDebug in [C:\AppServ\www\adm-ad\secretaria2\app\views\layouts\popup.ctp, line 31]
2010-11-15 10:46:10 Debug: Notice (8): Undefined index:  id in [C:\AppServ\www\adm-ad\secretaria\app\views\membros\add.ctp, line 29]
2010-11-15 10:46:22 Debug: Notice (8): Undefined index:  id in [C:\AppServ\www\adm-ad\secretaria\app\views\membros\add.ctp, line 29]
2010-11-15 10:46:30 Debug: Notice (8): Undefined variable: cakeDebug in [C:\AppServ\www\adm-ad\secretaria\app\views\layouts\popup.ctp, line 31]
2010-11-15 12:15:11 Debug: Notice (8): Undefined index:  id in [C:\AppServ\www\adm-ad\secretaria\app\views\membros\add.ctp, line 29]
2010-11-15 12:18:36 Debug: Notice (8): Undefined index:  id in [C:\AppServ\www\adm-ad\secretaria\app\views\membros\add.ctp, line 29]
2010-11-15 14:36:54 Debug: Notice (8): Undefined index:  id in [C:\AppServ\www\adm-ad\secretaria\app\views\membros\add.ctp, line 29]
2010-11-15 14:37:33 Debug: Notice (8): Undefined index:  id in [C:\AppServ\www\adm-ad\secretaria\app\views\membros\add.ctp, line 29]
2010-11-15 14:49:16 Debug: Notice (8): Undefined variable: cakeDebug in [C:\AppServ\www\adm-ad\secretaria\app\views\layouts\popup.ctp, line 31]
2010-11-15 14:58:04 Debug: Notice (8): Undefined variable: cakeDebug in [C:\AppServ\www\adm-ad\secretaria\app\views\layouts\popup.ctp, line 31]
2010-11-15 14:58:24 Debug: Notice (8): Undefined variable: cakeDebug in [C:\AppServ\www\adm-ad\secretaria\app\views\layouts\popup.ctp, line 31]
2010-11-15 14:58:35 Debug: Notice (8): Undefined variable: cakeDebug in [C:\AppServ\www\adm-ad\secretaria\app\views\layouts\popup.ctp, line 31]
2010-11-15 14:58:56 Debug: Notice (8): Undefined variable: cakeDebug in [C:\AppServ\www\adm-ad\secretaria\app\views\layouts\popup.ctp, line 31]
2010-11-15 15:00:45 Debug: Notice (8): Undefined variable: cakeDebug in [C:\AppServ\www\adm-ad\secretaria\app\views\layouts\popup.ctp, line 31]
2010-11-15 15:00:52 Debug: Notice (8): Undefined variable: cakeDebug in [C:\AppServ\www\adm-ad\secretaria\app\views\layouts\popup.ctp, line 31]
2010-11-15 18:03:03 Debug: Notice (8): Undefined variable: cakeDebug in [C:\AppServ\www\adm-ad\secretaria\app\views\layouts\popup.ctp, line 31]
2010-11-15 18:03:10 Debug: Notice (8): Undefined variable: cakeDebug in [C:\AppServ\www\adm-ad\secretaria\app\views\layouts\popup.ctp, line 31]
2010-11-15 18:04:07 Debug: Notice (8): Undefined variable: cakeDebug in [C:\AppServ\www\adm-ad\secretaria\app\views\layouts\popup.ctp, line 31]
2010-11-15 18:04:16 Debug: Notice (8): Undefined variable: cakeDebug in [C:\AppServ\www\adm-ad\secretaria\app\views\layouts\popup.ctp, line 31]
2010-11-15 18:06:18 Debug: Notice (8): Undefined variable: cakeDebug in [C:\AppServ\www\adm-ad\secretaria\app\views\layouts\popup.ctp, line 31]
2010-11-15 18:06:29 Debug: Notice (8): Undefined variable: cakeDebug in [C:\AppServ\www\adm-ad\secretaria\app\views\layouts\popup.ctp, line 31]
2010-11-15 18:10:50 Debug: Notice (8): Undefined index:  id in [C:\AppServ\www\adm-ad\secretaria\app\views\membros\add.ctp, line 29]
2010-11-15 18:11:21 Debug: Notice (8): Undefined index:  id in [C:\AppServ\www\adm-ad\secretaria\app\views\membros\add.ctp, line 29]
2010-11-15 18:11:29 Debug: Notice (8): Undefined index:  id in [C:\AppServ\www\adm-ad\secretaria\app\views\membros\add.ctp, line 29]
2010-11-15 18:11:48 Debug: Notice (8): Undefined index:  id in [C:\AppServ\www\adm-ad\secretaria\app\views\membros\add.ctp, line 29]
2010-11-15 18:12:27 Debug: Notice (8): Undefined index:  id in [C:\AppServ\www\adm-ad\secretaria\app\views\membros\add.ctp, line 29]
2010-11-15 18:12:43 Debug: Notice (8): Undefined index:  id in [C:\AppServ\www\adm-ad\secretaria\app\views\membros\add.ctp, line 29]
2010-11-15 18:13:19 Debug: Notice (8): Undefined index:  id in [C:\AppServ\www\adm-ad\secretaria\app\views\membros\add.ctp, line 29]
2010-11-15 18:13:31 Debug: Notice (8): Undefined index:  id in [C:\AppServ\www\adm-ad\secretaria\app\views\membros\add.ctp, line 29]
2010-11-15 18:13:46 Debug: Notice (8): Undefined index:  id in [C:\AppServ\www\adm-ad\secretaria\app\views\membros\add.ctp, line 29]
2010-11-15 18:13:46 Debug: Notice (8): Undefined variable: radioOptions in [C:\AppServ\www\adm-ad\secretaria\cake\libs\view\helpers\form.php, line 873]
2010-11-15 18:13:57 Debug: Notice (8): Undefined index:  id in [C:\AppServ\www\adm-ad\secretaria\app\views\membros\add.ctp, line 29]
2010-11-15 18:14:27 Debug: Notice (8): Undefined variable: cakeDebug in [C:\AppServ\www\adm-ad\secretaria\app\views\layouts\popup.ctp, line 31]
2010-11-16 19:13:21 Debug: Notice (8): Undefined variable: cakeDebug in [C:\AppServ\www\adm-ad\secretaria\app\views\layouts\popup.ctp, line 31]
2010-11-16 19:13:28 Debug: Notice (8): Undefined variable: cakeDebug in [C:\AppServ\www\adm-ad\secretaria\app\views\layouts\popup.ctp, line 31]
2010-11-16 19:31:34 Debug: Notice (8): Undefined variable: cakeDebug in [C:\AppServ\www\adm-ad\secretaria\app\views\layouts\popup.ctp, line 31]
2010-11-16 19:55:46 Debug: Notice (8): Undefined variable: cakeDebug in [C:\AppServ\www\adm-ad\secretaria\app\views\layouts\popup.ctp, line 31]
2010-11-16 19:55:50 Debug: Notice (8): Undefined variable: cakeDebug in [C:\AppServ\www\adm-ad\secretaria\app\views\layouts\popup.ctp, line 31]
2010-11-16 19:55:58 Debug: Notice (8): Undefined variable: cakeDebug in [C:\AppServ\www\adm-ad\secretaria\app\views\layouts\popup.ctp, line 31]
2010-11-16 19:56:13 Debug: Notice (8): Undefined variable: cakeDebug in [C:\AppServ\www\adm-ad\secretaria\app\views\layouts\popup.ctp, line 31]
2010-11-16 20:14:27 Debug: Notice (8): Undefined index:  foto_completo in [C:\AppServ\www\adm-ad\secretaria\app\controllers\membros_controller.php, line 157]
2010-11-16 20:15:44 Debug: Notice (8): Undefined index:  imgFoto in [C:\AppServ\www\adm-ad\secretaria\app\controllers\membros_controller.php, line 144]
2010-11-16 20:57:54 Debug: Notice (8): Undefined index:  id in [C:\AppServ\www\adm-ad\secretaria\app\views\membros\add.ctp, line 29]
2010-11-16 20:58:48 Debug: Notice (8): Undefined index:  id in [C:\AppServ\www\adm-ad\secretaria\app\views\membros\add.ctp, line 29]
2010-11-16 21:11:08 Debug: Notice (8): Undefined index:  id in [C:\AppServ\www\adm-ad\secretaria\app\views\membros\add.ctp, line 29]
