2010-03-23 18:28:20 Notice: Notice (1024): Please change the value of 'Security.salt' in app/config/core.php to a salt value specific to your application in [CORE/cake/libs/debugger.php, line 549]
2010-03-23 23:23:35 Notice: Notice (8): Undefined property: UsuariosController::$Curso in [APP/controllers/usuarios_controller.php, line 32]
2010-03-23 23:48:03 Notice: Notice (8): Undefined index:  username in [APP/controllers/login_controller.php, line 26]
2010-03-23 23:48:37 Notice: Notice (8): Undefined index:  Curso in [APP/controllers/login_controller.php, line 34]
2010-03-23 23:48:37 Notice: Notice (8): Undefined index:  Curso in [APP/controllers/login_controller.php, line 35]
2010-03-25 19:09:11 Notice: Notice (8): Undefined index:  administrador in [APP/views/layouts/default.ctp, line 66]
2010-03-25 19:09:12 Notice: Notice (8): Undefined index:  administrador in [APP/views/layouts/default.ctp, line 66]
2010-03-25 19:09:12 Notice: Notice (8): Undefined index:  administrador in [APP/views/layouts/default.ctp, line 66]
2010-03-25 19:40:52 Notice: Notice (8): Undefined variable: cidades in [APP/views/funcoes/index.ctp, line 18]
2010-03-25 19:41:14 Notice: Notice (8): Undefined variable: cidades in [APP/views/funcoes/index.ctp, line 18]
2010-03-25 19:42:38 Notice: Notice (8): Undefined variable: cidades in [APP/views/funcoes/index.ctp, line 18]
2010-03-25 19:44:27 Notice: Notice (8): Undefined variable: cidades in [APP/views/funcoes/index.ctp, line 18]
2010-03-25 19:46:57 Notice: Notice (8): Undefined index:  uf in [APP/views/funcoes/index.ctp, line 32]
2010-03-25 23:59:33 Notice: Notice (8): Undefined variable: estados in [APP/views/membros/add.ctp, line 11]
2010-03-25 23:59:48 Notice: Notice (8): Undefined property: Cidade::$Cidade in [APP/models/cidade.php, line 19]
2010-03-26 00:00:05 Notice: Notice (8): Undefined variable: cidade in [APP/models/cidade.php, line 21]
2010-03-26 00:02:29 Notice: Notice (8): Undefined variable: cidade in [APP/models/cidade.php, line 21]
2010-03-26 00:02:51 Notice: Notice (8): Undefined variable: cidade in [APP/models/cidade.php, line 21]
2010-03-26 00:03:03 Notice: Notice (8): Undefined variable: cidade in [APP/models/cidade.php, line 22]
2010-03-26 00:16:35 Notice: Notice (8): Undefined variable: estados in [APP/views/membros/add.ctp, line 11]
2010-03-26 00:27:56 Notice: Notice (8): Undefined variable: data in [APP/views/membros/add.ctp, line 16]
2010-03-26 02:47:43 Notice: Notice (8): Undefined variable: cidades in [APP/views/membros/add.ctp, line 12]
2010-03-26 19:26:29 Notice: Notice (8): Undefined variable: html in [APP/views/layouts/default.ctp, line 28]
2010-03-26 19:26:51 Notice: Notice (8): Undefined variable: html in [APP/views/layouts/default.ctp, line 28]
2010-03-26 19:27:44 Notice: Notice (8): Undefined variable: html in [APP/views/layouts/default.ctp, line 28]
2010-03-26 19:28:39 Notice: Notice (8): Undefined variable: html in [APP/views/layouts/default.ctp, line 28]
2010-03-26 19:28:50 Notice: Notice (8): Undefined variable: html in [APP/views/layouts/default.ctp, line 28]
2010-03-26 19:33:02 Notice: Notice (8): Undefined variable: html in [APP/views/layouts/default.ctp, line 28]
2010-03-26 19:46:43 Notice: Notice (8): Undefined variable: html in [APP/views/layouts/default.ctp, line 28]
2010-03-26 19:46:57 Notice: Notice (8): Undefined variable: html in [APP/views/layouts/default.ctp, line 28]
2010-03-26 19:47:08 Notice: Notice (8): Undefined variable: html in [APP/views/layouts/default.ctp, line 28]
2010-03-26 19:47:25 Notice: Notice (8): Undefined variable: html in [APP/views/layouts/default.ctp, line 28]
2010-03-26 19:47:42 Notice: Notice (8): Undefined variable: html in [APP/views/layouts/default.ctp, line 28]
2010-03-26 19:49:24 Notice: Notice (8): Undefined variable: html in [APP/views/layouts/default.ctp, line 28]
2010-03-26 19:49:35 Notice: Notice (8): Undefined variable: html in [APP/views/layouts/default.ctp, line 28]
2010-03-26 19:49:44 Notice: Notice (8): Undefined variable: html in [APP/views/layouts/default.ctp, line 28]
2010-03-26 19:50:06 Notice: Notice (8): Undefined variable: html in [APP/views/layouts/default.ctp, line 28]
2010-03-26 19:50:27 Notice: Notice (8): Undefined variable: html in [APP/views/layouts/default.ctp, line 28]
2010-03-26 19:51:03 Notice: Notice (8): Undefined variable: html in [APP/views/layouts/default.ctp, line 28]
2010-03-26 19:51:39 Notice: Notice (8): Undefined variable: html in [APP/views/layouts/default.ctp, line 28]
2010-03-26 19:51:54 Notice: Notice (8): Undefined variable: html in [APP/views/layouts/default.ctp, line 28]
2010-03-26 19:53:15 Notice: Notice (8): Undefined variable: html in [APP/views/layouts/default.ctp, line 28]
2010-03-26 19:53:34 Notice: Notice (8): Undefined variable: html in [APP/views/layouts/default.ctp, line 28]
2010-03-26 19:53:50 Notice: Notice (8): Undefined variable: html in [APP/views/layouts/default.ctp, line 28]
2010-03-26 19:54:02 Notice: Notice (8): Undefined variable: html in [APP/views/layouts/default.ctp, line 28]
2010-03-26 20:07:39 Notice: Notice (8): Undefined variable: html in [APP/views/layouts/default.ctp, line 28]
2010-03-26 20:09:34 Notice: Notice (8): Undefined variable: html in [APP/views/layouts/default.ctp, line 28]
2010-03-27 13:18:12 Notice: Notice (8): Undefined variable: html in [APP/views/layouts/default.ctp, line 28]
2010-03-27 13:21:17 Notice: Notice (8): Undefined variable: html in [APP/views/layouts/default.ctp, line 28]
2010-03-27 13:21:30 Notice: Notice (8): Undefined variable: html in [APP/views/layouts/default.ctp, line 28]
2010-03-27 13:22:02 Notice: Notice (8): Undefined variable: html in [APP/views/layouts/default.ctp, line 28]
2010-03-27 13:23:49 Notice: Notice (8): Undefined variable: html in [APP/views/layouts/default.ctp, line 28]
2010-03-27 13:23:58 Notice: Notice (8): Undefined variable: html in [APP/views/layouts/default.ctp, line 28]
2010-03-27 13:24:59 Notice: Notice (8): Undefined variable: html in [APP/views/layouts/default.ctp, line 28]
2010-03-27 13:26:00 Notice: Notice (8): Undefined variable: html in [APP/views/layouts/default.ctp, line 28]
2010-03-27 13:26:29 Notice: Notice (8): Undefined variable: html in [APP/views/layouts/default.ctp, line 28]
2010-03-27 13:27:01 Notice: Notice (8): Undefined variable: html in [APP/views/layouts/default.ctp, line 28]
2010-03-28 13:39:32 Notice: Notice (8): Undefined variable: html in [APP/views/layouts/default.ctp, line 28]
2010-03-28 13:45:06 Notice: Notice (8): Undefined variable: html in [APP/views/layouts/default.ctp, line 28]
2010-03-28 13:46:15 Notice: Notice (8): Undefined variable: html in [APP/views/layouts/default.ctp, line 28]
2010-03-28 13:51:08 Notice: Notice (8): Undefined variable: cidades in [APP/views/membros/cidades_xml.ctp, line 3]
2010-03-28 13:51:08 Notice: Notice (8): Undefined variable: cidades in [APP/views/membros/cidades_xml.ctp, line 4]
2010-03-28 13:51:12 Notice: Notice (8): Undefined variable: cidades in [APP/views/membros/cidades_xml.ctp, line 3]
2010-03-28 13:51:12 Notice: Notice (8): Undefined variable: cidades in [APP/views/membros/cidades_xml.ctp, line 4]
2010-03-28 13:52:27 Notice: Notice (8): Undefined variable: html in [APP/views/layouts/default.ctp, line 28]
2010-03-28 13:53:48 Notice: Notice (8): Undefined variable: html in [APP/views/layouts/default.ctp, line 28]
2010-03-28 13:55:03 Notice: Notice (8): Undefined variable: html in [APP/views/layouts/default.ctp, line 28]
2010-03-28 14:01:01 Notice: Notice (8): Undefined variable: html in [APP/views/layouts/default.ctp, line 28]
2010-03-28 14:01:36 Notice: Notice (8): Undefined variable: html in [APP/views/layouts/default.ctp, line 28]
2010-03-28 14:02:14 Notice: Notice (8): Undefined variable: html in [APP/views/layouts/default.ctp, line 28]
2010-03-28 14:02:30 Notice: Notice (8): Undefined variable: html in [APP/views/layouts/default.ctp, line 28]
2010-03-28 14:02:47 Notice: Notice (8): Undefined variable: html in [APP/views/layouts/default.ctp, line 28]
2010-03-28 14:02:49 Notice: Notice (8): Undefined variable: html in [APP/views/layouts/default.ctp, line 28]
2010-03-28 14:03:59 Notice: Notice (8): Undefined variable: html in [APP/views/layouts/default.ctp, line 28]
2010-03-28 14:04:01 Notice: Notice (8): Undefined variable: html in [APP/views/layouts/default.ctp, line 28]
2010-03-28 14:04:18 Notice: Notice (8): Undefined variable: html in [APP/views/layouts/default.ctp, line 28]
2010-03-28 14:04:20 Notice: Notice (8): Undefined variable: html in [APP/views/layouts/default.ctp, line 28]
2010-03-28 14:06:08 Notice: Notice (8): Undefined variable: html in [APP/views/layouts/default.ctp, line 28]
2010-03-28 14:06:10 Notice: Notice (8): Undefined variable: cidadesendereco in [APP/views/membros/add.ctp, line 41]
2010-03-28 14:06:10 Notice: Notice (8): Undefined variable: html in [APP/views/layouts/default.ctp, line 28]
2010-03-28 14:08:20 Notice: Notice (8): Undefined variable: html in [APP/views/layouts/default.ctp, line 28]
2010-03-28 14:08:29 Notice: Notice (8): Undefined variable: html in [APP/views/layouts/default.ctp, line 28]
2010-03-28 14:09:05 Notice: Notice (8): Undefined variable: html in [APP/views/layouts/default.ctp, line 28]
2010-03-28 14:09:23 Notice: Notice (8): Undefined variable: html in [APP/views/layouts/default.ctp, line 28]
2010-03-28 14:11:33 Notice: Notice (8): Undefined variable: html in [APP/views/layouts/default.ctp, line 28]
2010-03-28 14:11:41 Notice: Notice (8): Undefined variable: html in [APP/views/layouts/default.ctp, line 28]
2010-03-28 14:11:56 Notice: Notice (8): Undefined variable: html in [APP/views/layouts/default.ctp, line 28]
2010-03-28 14:13:36 Notice: Notice (8): Undefined variable: html in [APP/views/layouts/default.ctp, line 28]
2010-03-28 14:13:47 Notice: Notice (8): Undefined variable: html in [APP/views/layouts/default.ctp, line 28]
2010-03-28 14:14:02 Notice: Notice (8): Undefined variable: html in [APP/views/layouts/default.ctp, line 28]
2010-03-28 14:14:10 Notice: Notice (8): Undefined variable: html in [APP/views/layouts/default.ctp, line 28]
2010-03-28 14:14:18 Notice: Notice (8): Undefined variable: html in [APP/views/layouts/default.ctp, line 28]
2010-03-28 14:14:34 Notice: Notice (8): Undefined variable: html in [APP/views/layouts/default.ctp, line 28]
2010-03-28 14:27:28 Notice: Notice (8): Undefined variable: html in [APP/views/layouts/default.ctp, line 28]
2010-03-28 14:27:57 Notice: Notice (8): Undefined variable: html in [APP/views/layouts/default.ctp, line 28]
2010-03-28 14:28:12 Notice: Notice (8): Undefined variable: html in [APP/views/layouts/default.ctp, line 28]
2010-03-28 14:29:43 Notice: Notice (8): Undefined variable: html in [APP/views/layouts/default.ctp, line 28]
2010-03-28 14:30:02 Notice: Notice (8): Undefined variable: html in [APP/views/layouts/default.ctp, line 28]
2010-03-28 14:30:22 Notice: Notice (8): Undefined variable: html in [APP/views/layouts/default.ctp, line 28]
2010-03-28 14:30:29 Notice: Notice (8): Undefined variable: html in [APP/views/layouts/default.ctp, line 28]
2010-03-28 14:30:49 Notice: Notice (8): Undefined variable: html in [APP/views/layouts/default.ctp, line 28]
2010-03-28 14:31:11 Notice: Notice (8): Undefined variable: html in [APP/views/layouts/default.ctp, line 28]
2010-03-28 14:31:57 Notice: Notice (8): Undefined variable: html in [APP/views/layouts/default.ctp, line 28]
2010-03-28 14:32:48 Notice: Notice (8): Undefined variable: html in [APP/views/layouts/default.ctp, line 28]
2010-03-28 14:33:11 Notice: Notice (8): Undefined variable: html in [APP/views/layouts/default.ctp, line 28]
2010-03-28 14:34:25 Notice: Notice (8): Undefined variable: html in [APP/views/layouts/default.ctp, line 28]
2010-03-28 14:48:28 Notice: Notice (8): Undefined variable: html in [APP/views/layouts/default.ctp, line 28]
2010-03-28 14:50:20 Notice: Notice (8): Undefined index:  cartao in [APP/controllers/membros_controller.php, line 109]
2010-03-28 14:50:35 Notice: Notice (8): Undefined variable: html in [APP/views/layouts/default.ctp, line 28]
2010-03-28 14:52:33 Notice: Notice (8): Undefined variable: html in [APP/views/layouts/default.ctp, line 28]
2010-03-28 14:52:45 Notice: Notice (8): Undefined variable: html in [APP/views/layouts/default.ctp, line 28]
2010-03-28 14:52:52 Notice: Notice (8): Undefined variable: html in [APP/views/layouts/default.ctp, line 28]
2010-03-28 14:52:57 Notice: Notice (8): Undefined variable: html in [APP/views/layouts/default.ctp, line 28]
2010-03-28 14:53:07 Notice: Notice (8): Undefined variable: html in [APP/views/layouts/default.ctp, line 28]
2010-03-28 14:53:09 Notice: Notice (8): Undefined variable: html in [APP/views/layouts/default.ctp, line 28]
2010-03-28 14:53:25 Notice: Notice (8): Undefined index:  cartao in [APP/controllers/membros_controller.php, line 109]
2010-03-28 14:53:42 Notice: Notice (8): Undefined variable: html in [APP/views/layouts/default.ctp, line 28]
2010-03-28 14:55:31 Notice: Notice (8): Undefined variable: html in [APP/views/layouts/default.ctp, line 28]
2010-03-28 14:55:46 Notice: Notice (8): Undefined variable: html in [APP/views/layouts/default.ctp, line 28]
2010-03-28 14:56:41 Notice: Notice (8): Undefined variable: html in [APP/views/layouts/default.ctp, line 28]
2010-03-28 14:56:47 Notice: Notice (8): Undefined index:  cartao in [APP/controllers/membros_controller.php, line 109]
2010-03-28 14:56:56 Notice: Notice (8): Undefined variable: html in [APP/views/layouts/default.ctp, line 28]
2010-03-28 14:56:58 Notice: Notice (8): Undefined variable: html in [APP/views/layouts/default.ctp, line 28]
2010-03-28 14:57:41 Notice: Notice (8): Undefined variable: html in [APP/views/layouts/default.ctp, line 28]
2010-03-28 14:57:51 Notice: Notice (8): Undefined variable: html in [APP/views/layouts/default.ctp, line 28]
2010-03-28 14:57:52 Notice: Notice (8): Undefined variable: html in [APP/views/layouts/default.ctp, line 28]
2010-03-28 14:58:11 Notice: Notice (8): Undefined variable: html in [APP/views/layouts/default.ctp, line 28]
2010-03-28 14:58:53 Notice: Notice (8): Undefined variable: html in [APP/views/layouts/default.ctp, line 28]
2010-03-28 14:59:08 Notice: Notice (8): Undefined variable: html in [APP/views/layouts/default.ctp, line 28]
2010-03-28 14:59:52 Notice: Notice (8): Undefined index:  cartao in [APP/controllers/membros_controller.php, line 109]
2010-03-28 15:02:51 Notice: Notice (8): Undefined variable: html in [APP/views/layouts/default.ctp, line 28]
2010-03-28 15:12:37 Notice: Notice (8): Undefined variable: html in [APP/views/layouts/default.ctp, line 28]
2010-03-28 15:12:41 Notice: Notice (8): Undefined variable: html in [APP/views/layouts/default.ctp, line 28]
2010-03-28 15:13:01 Notice: Notice (8): Undefined variable: html in [APP/views/layouts/default.ctp, line 28]
2010-03-28 15:13:04 Notice: Notice (8): Undefined variable: html in [APP/views/layouts/default.ctp, line 28]
2010-03-28 15:13:10 Notice: Notice (8): Undefined variable: html in [APP/views/layouts/default.ctp, line 28]
2010-03-28 15:13:18 Notice: Notice (8): Undefined variable: html in [APP/views/layouts/default.ctp, line 28]
2010-03-28 15:13:20 Notice: Notice (8): Undefined variable: html in [APP/views/layouts/default.ctp, line 28]
2010-03-28 15:15:14 Notice: Notice (8): Undefined variable: html in [APP/views/layouts/default.ctp, line 28]
2010-03-28 15:15:19 Notice: Notice (8): Undefined variable: html in [APP/views/layouts/default.ctp, line 28]
2010-03-28 15:19:53 Notice: Notice (8): Undefined variable: html in [APP/views/layouts/default.ctp, line 28]
2010-03-28 15:20:35 Notice: Notice (8): Undefined variable: html in [APP/views/layouts/default.ctp, line 28]
2010-03-28 15:20:50 Notice: Notice (8): Undefined variable: html in [APP/views/layouts/default.ctp, line 28]
2010-03-28 15:21:00 Notice: Notice (8): Undefined variable: html in [APP/views/layouts/default.ctp, line 28]
2010-03-28 15:21:00 Notice: Notice (8): Undefined variable: html in [APP/views/layouts/default.ctp, line 28]
2010-03-28 15:21:01 Notice: Notice (8): Undefined variable: html in [APP/views/layouts/default.ctp, line 28]
2010-03-28 15:21:01 Notice: Notice (8): Undefined variable: html in [APP/views/layouts/default.ctp, line 28]
2010-03-28 15:21:01 Notice: Notice (8): Undefined variable: html in [APP/views/layouts/default.ctp, line 28]
2010-03-28 15:21:08 Notice: Notice (8): Undefined variable: html in [APP/views/layouts/default.ctp, line 28]
2010-03-28 15:21:27 Notice: Notice (8): Undefined variable: html in [APP/views/layouts/default.ctp, line 28]
2010-03-28 15:23:44 Notice: Notice (8): Undefined variable: html in [APP/views/layouts/default.ctp, line 31]
2010-03-28 15:23:52 Notice: Notice (8): Undefined variable: html in [APP/views/layouts/default.ctp, line 28]
2010-03-28 15:24:03 Notice: Notice (8): Undefined variable: html in [APP/views/layouts/default.ctp, line 28]
2010-03-28 15:24:17 Notice: Notice (8): Undefined variable: html in [APP/views/layouts/default.ctp, line 61]
2010-03-28 15:24:36 Notice: Notice (8): Undefined variable: html in [APP/views/layouts/default.ctp, line 28]
2010-03-28 15:25:32 Notice: Notice (8): Undefined variable: html in [APP/views/layouts/default.ctp, line 28]
2010-03-28 15:25:34 Notice: Notice (8): Undefined variable: html in [APP/views/layouts/default.ctp, line 28]
2010-03-28 15:25:37 Notice: Notice (8): Undefined variable: html in [APP/views/layouts/default.ctp, line 28]
2010-03-28 15:25:42 Notice: Notice (8): Undefined variable: html in [APP/views/layouts/default.ctp, line 28]
2010-03-28 15:25:44 Notice: Notice (8): Undefined variable: html in [APP/views/layouts/default.ctp, line 28]
2010-03-28 15:25:45 Notice: Notice (8): Undefined variable: html in [APP/views/layouts/default.ctp, line 28]
2010-03-28 15:26:07 Notice: Notice (8): Undefined variable: html in [APP/views/layouts/default.ctp, line 28]
2010-03-28 15:26:17 Notice: Notice (8): Undefined variable: html in [APP/views/layouts/default.ctp, line 28]
2010-03-28 15:26:31 Notice: Notice (8): Undefined variable: html in [APP/views/layouts/default.ctp, line 28]
2010-03-28 15:28:14 Notice: Notice (8): Undefined variable: html in [APP/views/layouts/default.ctp, line 28]
2010-03-28 15:29:10 Notice: Notice (8): Undefined variable: html in [APP/views/layouts/default.ctp, line 28]
2010-03-28 15:29:45 Notice: Notice (8): Undefined variable: html in [APP/views/layouts/default.ctp, line 28]
2010-03-28 15:42:51 Notice: Notice (8): Undefined variable: html in [APP/views/layouts/default.ctp, line 28]
2010-03-28 15:43:33 Notice: Notice (8): Undefined variable: html in [APP/views/layouts/default.ctp, line 28]
2010-03-28 16:41:49 Notice: Notice (8): Undefined index:  cartao in [APP/controllers/membros_controller.php, line 110]
2010-03-28 16:41:49 Notice: Notice (8): Undefined variable: membros in [APP/views/membros/imprime.ctp, line 5]
2010-03-28 16:41:51 Notice: Notice (8): Undefined index:  cartao in [APP/controllers/membros_controller.php, line 110]
2010-03-28 16:41:51 Notice: Notice (8): Undefined variable: membros in [APP/views/membros/imprime.ctp, line 5]
2010-03-28 16:41:54 Notice: Notice (8): Undefined variable: html in [APP/views/layouts/default.ctp, line 28]
2010-03-28 16:41:55 Notice: Notice (8): Undefined index:  cartao in [APP/controllers/membros_controller.php, line 110]
2010-03-28 16:41:55 Notice: Notice (8): Undefined variable: membros in [APP/views/membros/imprime.ctp, line 5]
2010-03-28 16:43:36 Notice: Notice (8): Undefined variable: html in [APP/views/layouts/default.ctp, line 28]
2010-03-28 16:53:08 Notice: Notice (8): Undefined variable: html in [APP/views/layouts/default.ctp, line 28]
2010-03-28 16:54:04 Notice: Notice (8): Undefined variable: html in [APP/views/layouts/default.ctp, line 28]
2010-03-28 16:54:50 Notice: Notice (8): Undefined variable: pdf in [APP/views/membros/imprime.ctp, line 8]
2010-03-28 16:55:51 Notice: Notice (8): Undefined variable: pdf in [APP/views/membros/imprime.ctp, line 8]
2010-03-28 17:04:45 Notice: Notice (8): Undefined variable: html in [APP/views/layouts/default.ctp, line 28]
2010-03-28 17:04:47 Notice: Notice (8): Undefined variable: html in [APP/views/layouts/default.ctp, line 28]
2010-03-28 17:04:54 Notice: Notice (8): Undefined variable: html in [APP/views/layouts/default.ctp, line 28]
2010-03-28 17:04:57 Notice: Notice (8): Undefined variable: html in [APP/views/layouts/default.ctp, line 28]
2010-03-28 17:04:59 Notice: Notice (8): Undefined variable: html in [APP/views/layouts/default.ctp, line 28]
2010-03-28 17:05:06 Notice: Notice (8): Undefined variable: html in [APP/views/layouts/default.ctp, line 28]
2010-03-28 17:05:17 Notice: Notice (8): Undefined variable: html in [APP/views/layouts/default.ctp, line 28]
2010-03-28 17:05:18 Notice: Notice (8): Undefined variable: html in [APP/views/layouts/default.ctp, line 28]
2010-03-28 17:05:21 Notice: Notice (8): Undefined variable: html in [APP/views/layouts/default.ctp, line 28]
2010-03-28 17:05:25 Notice: Notice (8): Undefined variable: html in [APP/views/layouts/default.ctp, line 28]
2010-03-28 17:05:29 Notice: Notice (8): Undefined variable: html in [APP/views/layouts/default.ctp, line 28]
2010-03-28 17:11:52 Notice: Notice (8): Undefined variable: html in [APP/views/layouts/default.ctp, line 28]
2010-03-28 17:14:13 Notice: Notice (8): Undefined variable: html in [APP/views/layouts/default.ctp, line 28]
2010-03-28 17:14:42 Notice: Notice (8): Undefined variable: html in [APP/views/layouts/default.ctp, line 28]
2010-03-28 17:15:04 Notice: Notice (8): Undefined variable: html in [APP/views/layouts/default.ctp, line 28]
2010-03-28 17:16:26 Notice: Notice (8): Undefined index:  data_batismo_agua in [APP/views/membros/imprime.ctp, line 65]
2010-03-28 17:17:41 Notice: Notice (8): Undefined variable: html in [APP/views/layouts/default.ctp, line 28]
2010-03-28 17:17:47 Notice: Notice (8): Undefined variable: html in [APP/views/layouts/default.ctp, line 28]
2010-03-28 17:17:57 Notice: Notice (8): Undefined variable: html in [APP/views/layouts/default.ctp, line 28]
2010-03-28 17:18:44 Notice: Notice (8): Undefined variable: html in [APP/views/layouts/default.ctp, line 28]
2010-03-28 17:18:47 Notice: Notice (8): Undefined variable: html in [APP/views/layouts/default.ctp, line 28]
2010-03-28 17:26:49 Notice: Notice (8): Undefined property: View::$Membro in [APP/views/membros/imprime.ctp, line 81]
2010-03-28 17:26:49 Notice: Notice (8): Trying to get property of non-object in [APP/views/membros/imprime.ctp, line 81]
2010-03-28 17:30:20 Notice: Notice (8): Undefined index:  data_nascimento in [APP/views/membros/imprime.ctp, line 87]
2010-03-28 17:35:59 Notice: Notice (8): Undefined variable: html in [APP/views/layouts/default.ctp, line 28]
2010-03-28 17:36:42 Notice: Notice (8): Undefined variable: html in [APP/views/layouts/default.ctp, line 28]
2010-03-28 17:36:48 Notice: Notice (8): Undefined variable: html in [APP/views/layouts/default.ctp, line 28]
2010-03-28 17:41:26 Notice: Notice (8): Undefined variable: html in [APP/views/layouts/default.ctp, line 28]
2010-03-28 17:42:15 Notice: Notice (8): Undefined variable: html in [APP/views/layouts/default.ctp, line 28]
2010-03-28 17:42:20 Notice: Notice (8): Undefined variable: html in [APP/views/layouts/default.ctp, line 28]
2010-03-28 17:46:15 Notice: Notice (8): Undefined variable: html in [APP/views/layouts/default.ctp, line 28]
2010-03-28 17:46:39 Notice: Notice (8): Undefined variable: html in [APP/views/layouts/default.ctp, line 28]
2010-03-28 17:46:46 Notice: Notice (8): Undefined variable: html in [APP/views/layouts/default.ctp, line 28]
2010-03-28 17:46:54 Notice: Notice (8): Undefined variable: html in [APP/views/layouts/default.ctp, line 28]
2010-03-28 17:47:15 Notice: Notice (8): Undefined variable: html in [APP/views/layouts/default.ctp, line 28]
2010-03-28 17:47:24 Notice: Notice (8): Undefined variable: html in [APP/views/layouts/default.ctp, line 28]
2010-03-28 17:51:37 Notice: Notice (8): Undefined variable: html in [APP/views/layouts/default.ctp, line 28]
2010-03-28 17:52:27 Notice: Notice (8): Undefined variable: html in [APP/views/layouts/default.ctp, line 28]
2010-03-28 17:52:47 Notice: Notice (8): Undefined variable: html in [APP/views/layouts/default.ctp, line 28]
2010-03-28 17:52:57 Notice: Notice (8): Undefined variable: html in [APP/views/layouts/default.ctp, line 28]
2010-03-28 17:53:35 Notice: Notice (8): Undefined variable: html in [APP/views/layouts/default.ctp, line 28]
2010-03-28 17:53:59 Notice: Notice (8): Undefined variable: html in [APP/views/layouts/default.ctp, line 28]
2010-03-28 17:54:05 Notice: Notice (8): Undefined variable: html in [APP/views/layouts/default.ctp, line 28]
2010-03-28 17:54:12 Notice: Notice (8): Undefined variable: html in [APP/views/layouts/default.ctp, line 28]
2010-03-28 17:54:17 Notice: Notice (8): Undefined variable: html in [APP/views/layouts/default.ctp, line 28]
2010-03-28 17:54:25 Notice: Notice (8): Undefined variable: html in [APP/views/layouts/default.ctp, line 28]
2010-03-28 17:54:41 Notice: Notice (8): Undefined variable: html in [APP/views/layouts/default.ctp, line 28]
2010-03-28 17:54:56 Notice: Notice (8): Undefined variable: html in [APP/views/layouts/default.ctp, line 28]
2010-03-28 17:55:05 Notice: Notice (8): Undefined variable: html in [APP/views/layouts/default.ctp, line 28]
2010-03-28 17:55:11 Notice: Notice (8): Undefined variable: html in [APP/views/layouts/default.ctp, line 28]
2010-03-28 17:56:20 Notice: Notice (8): Undefined variable: html in [APP/views/layouts/default.ctp, line 28]
2010-03-28 17:56:23 Notice: Notice (8): Undefined variable: html in [APP/views/layouts/default.ctp, line 28]
2010-03-28 17:56:25 Notice: Notice (8): Undefined variable: html in [APP/views/layouts/default.ctp, line 28]
2010-03-28 17:56:33 Notice: Notice (8): Undefined variable: html in [APP/views/layouts/default.ctp, line 28]
2010-03-28 17:57:56 Notice: Notice (8): Undefined variable: html in [APP/views/layouts/default.ctp, line 28]
2010-03-28 17:58:31 Notice: Notice (8): Undefined variable: html in [APP/views/layouts/default.ctp, line 28]
2010-03-28 17:58:49 Notice: Notice (8): Undefined variable: html in [APP/views/layouts/default.ctp, line 28]
2010-03-28 17:58:54 Notice: Notice (8): Undefined variable: html in [APP/views/layouts/default.ctp, line 28]
2010-03-28 17:59:01 Notice: Notice (8): Undefined variable: html in [APP/views/layouts/default.ctp, line 28]
2010-03-28 17:59:04 Notice: Notice (8): Undefined variable: html in [APP/views/layouts/default.ctp, line 28]
2010-03-28 17:59:43 Notice: Notice (8): Undefined variable: html in [APP/views/layouts/default.ctp, line 28]
2010-03-28 18:00:00 Notice: Notice (8): Undefined variable: html in [APP/views/layouts/default.ctp, line 28]
2010-03-28 18:00:24 Notice: Notice (8): Undefined variable: html in [APP/views/layouts/default.ctp, line 28]
2010-03-28 18:00:42 Notice: Notice (8): Undefined variable: html in [APP/views/layouts/default.ctp, line 28]
2010-03-28 18:00:50 Notice: Notice (8): Undefined variable: html in [APP/views/layouts/default.ctp, line 28]
2010-03-28 18:00:51 Notice: Notice (8): Undefined variable: html in [APP/views/layouts/default.ctp, line 28]
2010-03-28 18:01:41 Notice: Notice (8): Undefined variable: html in [APP/views/layouts/default.ctp, line 28]
2010-03-28 18:02:05 Notice: Notice (8): Undefined variable: html in [APP/views/layouts/default.ctp, line 28]
2010-03-28 18:02:10 Notice: Notice (8): Undefined variable: html in [APP/views/layouts/default.ctp, line 28]
2010-03-28 18:02:15 Notice: Notice (8): Undefined variable: html in [APP/views/layouts/default.ctp, line 28]
2010-03-28 18:04:27 Notice: Notice (8): Undefined variable: html in [APP/views/layouts/default.ctp, line 28]
2010-03-28 18:05:09 Notice: Notice (8): Undefined variable: html in [APP/views/layouts/default.ctp, line 28]
2010-03-28 18:06:22 Notice: Notice (8): Undefined variable: html in [APP/views/layouts/default.ctp, line 28]
2010-03-28 18:06:41 Notice: Notice (8): Undefined variable: html in [APP/views/layouts/default.ctp, line 28]
2010-03-28 18:07:15 Notice: Notice (8): Undefined variable: html in [APP/views/layouts/default.ctp, line 28]
2010-03-28 18:07:19 Notice: Notice (8): Undefined variable: html in [APP/views/layouts/default.ctp, line 28]
2010-03-28 18:07:21 Notice: Notice (8): Undefined variable: html in [APP/views/layouts/default.ctp, line 28]
2010-03-28 18:07:24 Notice: Notice (8): Undefined variable: html in [APP/views/layouts/default.ctp, line 28]
2010-03-28 18:08:02 Notice: Notice (8): Undefined variable: html in [APP/views/layouts/default.ctp, line 28]
2010-03-28 18:08:07 Notice: Notice (8): Undefined variable: html in [APP/views/layouts/default.ctp, line 28]
2010-03-28 18:08:55 Notice: Notice (8): Undefined variable: html in [APP/views/layouts/default.ctp, line 28]
2010-03-28 18:08:59 Notice: Notice (8): Undefined variable: html in [APP/views/layouts/default.ctp, line 28]
2010-03-28 18:09:27 Notice: Notice (8): Undefined variable: html in [APP/views/layouts/default.ctp, line 28]
2010-03-28 18:14:27 Notice: Notice (8): Undefined variable: html in [APP/views/layouts/default.ctp, line 28]
2010-03-28 18:14:31 Notice: Notice (8): Undefined variable: html in [APP/views/layouts/default.ctp, line 28]
2010-03-28 18:15:29 Notice: Notice (8): Undefined variable: html in [APP/views/layouts/default.ctp, line 28]
2010-03-28 18:15:59 Notice: Notice (8): Undefined variable: html in [APP/views/layouts/default.ctp, line 28]
2010-03-28 18:17:13 Notice: Notice (8): Undefined variable: html in [APP/views/layouts/default.ctp, line 28]
2010-03-28 18:17:15 Notice: Notice (8): Undefined variable: html in [APP/views/layouts/default.ctp, line 28]
2010-03-28 18:20:36 Notice: Notice (8): Undefined variable: html in [APP/views/layouts/default.ctp, line 28]
2010-03-29 12:01:45 Notice: Notice (8): Undefined variable: html in [APP/views/layouts/default.ctp, line 28]
2010-03-29 12:01:51 Notice: Notice (8): Undefined variable: html in [APP/views/layouts/default.ctp, line 28]
2010-03-29 12:03:26 Notice: Notice (8): Undefined variable: cidades in [APP/views/membros/cidades_xml.ctp, line 3]
2010-03-29 12:03:26 Notice: Notice (8): Undefined variable: cidades in [APP/views/membros/cidades_xml.ctp, line 4]
2010-03-29 12:03:30 Notice: Notice (8): Undefined variable: html in [APP/views/layouts/default.ctp, line 28]
2010-03-29 12:04:08 Notice: Notice (8): Undefined variable: html in [APP/views/layouts/default.ctp, line 28]
2010-03-29 12:06:04 Notice: Notice (8): Undefined variable: html in [APP/views/layouts/default.ctp, line 28]
2010-03-29 12:06:07 Notice: Notice (8): Undefined variable: html in [APP/views/layouts/default.ctp, line 28]
2010-03-29 12:06:42 Notice: Notice (8): Undefined variable: html in [APP/views/layouts/default.ctp, line 28]
2010-03-29 12:08:06 Notice: Notice (8): Undefined variable: html in [APP/views/layouts/default.ctp, line 28]
2010-03-29 12:08:10 Notice: Notice (8): Undefined variable: html in [APP/views/layouts/default.ctp, line 28]
2010-03-29 12:08:12 Notice: Notice (8): Undefined variable: html in [APP/views/layouts/default.ctp, line 28]
2010-03-29 12:08:15 Notice: Notice (8): Undefined variable: html in [APP/views/layouts/default.ctp, line 28]
2010-03-29 12:09:08 Notice: Notice (8): Undefined variable: html in [APP/views/layouts/default.ctp, line 28]
2010-03-29 12:15:40 Notice: Notice (8): Undefined variable: html in [APP/views/layouts/default.ctp, line 28]
2010-03-29 12:40:11 Notice: Notice (8): Undefined variable: html in [APP/views/layouts/default.ctp, line 28]
2010-03-29 12:51:49 Notice: Notice (8): Undefined variable: html in [APP/views/layouts/default.ctp, line 28]
2010-03-29 12:52:01 Notice: Notice (8): Undefined variable: html in [APP/views/layouts/default.ctp, line 28]
2010-03-29 12:52:27 Notice: Notice (8): Undefined variable: html in [APP/views/layouts/default.ctp, line 28]
2010-03-29 12:53:16 Notice: Notice (8): Undefined variable: html in [APP/views/layouts/default.ctp, line 28]
2010-03-29 12:53:53 Notice: Notice (8): Undefined variable: html in [APP/views/layouts/default.ctp, line 28]
2010-03-29 12:54:02 Notice: Notice (8): Undefined variable: html in [APP/views/layouts/default.ctp, line 28]
2010-03-29 12:55:11 Notice: Notice (8): Undefined variable: html in [APP/views/layouts/default.ctp, line 28]
2010-03-29 12:55:28 Notice: Notice (8): Undefined variable: html in [APP/views/layouts/default.ctp, line 28]
2010-03-29 14:04:16 Notice: Notice (8): Undefined variable: html in [APP/views/layouts/default.ctp, line 28]
2010-03-29 14:15:48 Notice: Notice (8): Undefined variable: html in [APP/views/layouts/default.ctp, line 28]
2010-03-29 14:16:16 Notice: Notice (8): Undefined variable: html in [APP/views/layouts/default.ctp, line 28]
2010-03-29 14:16:39 Notice: Notice (8): Undefined variable: file in [APP/controllers/membros_controller.php, line 70]
2010-03-29 14:22:09 Notice: Notice (8): Undefined variable: html in [APP/views/layouts/default.ctp, line 28]
2010-03-29 14:22:16 Notice: Notice (8): Undefined variable: html in [APP/views/layouts/default.ctp, line 28]
2010-03-29 14:22:54 Notice: Notice (8): Undefined variable: html in [APP/views/layouts/default.ctp, line 28]
2010-03-29 14:24:31 Notice: Notice (8): Undefined variable: html in [APP/views/layouts/default.ctp, line 28]
2010-03-29 14:24:37 Notice: Notice (8): Undefined variable: html in [APP/views/layouts/default.ctp, line 28]
2010-03-29 14:25:11 Notice: Notice (8): Undefined variable: html in [APP/views/layouts/default.ctp, line 28]
2010-03-29 14:25:19 Notice: Notice (8): Undefined variable: html in [APP/views/layouts/default.ctp, line 28]
2010-03-29 14:26:15 Notice: Notice (8): Undefined variable: html in [APP/views/layouts/default.ctp, line 28]
2010-03-29 14:27:08 Notice: Notice (8): Undefined variable: html in [APP/views/layouts/default.ctp, line 28]
2010-03-29 14:31:14 Notice: Notice (8): Undefined variable: html in [APP/views/layouts/default.ctp, line 28]
2010-03-29 14:57:24 Notice: Notice (8): Undefined variable: html in [APP/views/layouts/default.ctp, line 28]
2010-03-29 14:57:27 Notice: Notice (8): Undefined variable: html in [APP/views/layouts/default.ctp, line 28]
2010-03-29 14:58:22 Notice: Notice (8): Undefined variable: html in [APP/views/layouts/default.ctp, line 28]
2010-03-29 15:01:51 Notice: Notice (8): Undefined variable: html in [APP/views/layouts/default.ctp, line 28]
2010-03-29 15:02:07 Notice: Notice (8): Undefined variable: html in [APP/views/layouts/default.ctp, line 28]
2010-03-29 15:03:47 Notice: Notice (8): Undefined variable: html in [APP/views/layouts/default.ctp, line 28]
2010-03-29 15:04:34 Notice: Notice (8): Undefined variable: html in [APP/views/layouts/default.ctp, line 28]
2010-03-29 15:04:57 Notice: Notice (8): Undefined variable: html in [APP/views/layouts/default.ctp, line 28]
2010-03-29 15:05:13 Notice: Notice (8): Undefined variable: html in [APP/views/layouts/default.ctp, line 28]
2010-03-29 15:05:29 Notice: Notice (8): Undefined variable: html in [APP/views/layouts/default.ctp, line 28]
2010-03-29 15:06:24 Notice: Notice (8): Undefined variable: html in [APP/views/layouts/default.ctp, line 28]
2010-03-29 15:06:44 Notice: Notice (8): Undefined variable: html in [APP/views/layouts/default.ctp, line 28]
2010-03-29 15:07:22 Notice: Notice (8): Undefined variable: html in [APP/views/layouts/default.ctp, line 28]
2010-03-29 15:07:55 Notice: Notice (8): Undefined variable: html in [APP/views/layouts/default.ctp, line 28]
2010-03-29 15:08:06 Notice: Notice (8): Undefined variable: html in [APP/views/layouts/default.ctp, line 28]
2010-03-29 15:09:15 Notice: Notice (8): Undefined variable: html in [APP/views/layouts/default.ctp, line 28]
2010-03-29 15:09:47 Notice: Notice (8): Undefined variable: html in [APP/views/layouts/default.ctp, line 28]
2010-03-29 15:09:49 Notice: Notice (8): Undefined variable: html in [APP/views/layouts/default.ctp, line 28]
2010-03-29 15:26:46 Notice: Notice (8): Undefined variable: html in [APP/views/layouts/default.ctp, line 28]
2010-03-29 15:49:41 Notice: Notice (8): Undefined variable: html in [APP/views/layouts/default.ctp, line 28]
2010-03-29 15:50:03 Notice: Notice (8): Undefined variable: html in [APP/views/layouts/default.ctp, line 28]
2010-03-29 15:50:06 Notice: Notice (8): Undefined variable: html in [APP/views/layouts/default.ctp, line 28]
2010-03-29 15:50:11 Notice: Notice (8): Undefined variable: html in [APP/views/layouts/default.ctp, line 28]
2010-03-29 15:54:13 Notice: Notice (8): Undefined variable: html in [APP/views/layouts/default.ctp, line 28]
2010-03-29 15:55:27 Notice: Notice (8): Undefined variable: html in [APP/views/layouts/default.ctp, line 28]
2010-03-29 15:55:36 Notice: Notice (8): Undefined variable: html in [APP/views/layouts/default.ctp, line 28]
2010-03-29 15:57:48 Notice: Notice (8): Undefined variable: html in [APP/views/layouts/default.ctp, line 28]
2010-03-29 15:57:54 Notice: Notice (8): Undefined variable: html in [APP/views/layouts/default.ctp, line 28]
2010-03-29 15:59:03 Notice: Notice (8): Undefined variable: html in [APP/views/layouts/default.ctp, line 28]
2010-03-29 16:00:24 Notice: Notice (8): Undefined variable: html in [APP/views/layouts/default.ctp, line 28]
2010-03-29 16:00:25 Notice: Notice (8): Undefined variable: html in [APP/views/layouts/default.ctp, line 28]
2010-03-29 16:00:28 Notice: Notice (8): Undefined variable: html in [APP/views/layouts/default.ctp, line 28]
2010-03-29 16:00:35 Notice: Notice (8): Undefined variable: html in [APP/views/layouts/default.ctp, line 28]
2010-03-29 16:00:49 Notice: Notice (8): Undefined variable: html in [APP/views/layouts/default.ctp, line 28]
2010-03-29 16:01:05 Notice: Notice (8): Undefined variable: html in [APP/views/layouts/default.ctp, line 28]
2010-03-29 16:02:11 Notice: Notice (8): Undefined variable: html in [APP/views/layouts/default.ctp, line 28]
2010-03-29 16:04:35 Notice: Notice (8): Undefined variable: html in [APP/views/layouts/default.ctp, line 28]
2010-03-29 16:04:37 Notice: Notice (8): Undefined variable: html in [APP/views/layouts/default.ctp, line 28]
2010-03-29 16:04:39 Notice: Notice (8): Undefined variable: html in [APP/views/layouts/default.ctp, line 28]
2010-03-29 16:04:47 Notice: Notice (8): Undefined variable: html in [APP/views/layouts/default.ctp, line 28]
2010-03-29 16:05:06 Notice: Notice (8): Undefined variable: html in [APP/views/layouts/default.ctp, line 28]
2010-03-29 16:05:08 Notice: Notice (8): Undefined variable: html in [APP/views/layouts/default.ctp, line 28]
2010-03-29 16:05:11 Notice: Notice (8): Undefined variable: html in [APP/views/layouts/default.ctp, line 28]
2010-03-29 16:07:21 Notice: Notice (8): Undefined variable: html in [APP/views/layouts/default.ctp, line 28]
2010-03-29 16:09:15 Notice: Notice (8): Undefined variable: html in [APP/views/layouts/default.ctp, line 28]
2010-03-29 16:09:22 Notice: Notice (8): Undefined variable: html in [APP/views/layouts/default.ctp, line 28]
2010-03-29 16:09:55 Notice: Notice (8): Undefined variable: html in [APP/views/layouts/default.ctp, line 28]
2010-03-29 16:10:08 Notice: Notice (8): Undefined variable: html in [APP/views/layouts/default.ctp, line 28]
2010-03-29 16:10:16 Notice: Notice (8): Undefined variable: html in [APP/views/layouts/default.ctp, line 28]
2010-03-29 16:10:23 Notice: Notice (8): Undefined variable: html in [APP/views/layouts/default.ctp, line 28]
2010-03-29 16:11:36 Notice: Notice (8): Undefined variable: html in [APP/views/layouts/default.ctp, line 28]
2010-03-29 16:11:58 Notice: Notice (8): Undefined variable: html in [APP/views/layouts/default.ctp, line 28]
2010-03-29 16:12:21 Notice: Notice (8): Undefined variable: html in [APP/views/layouts/default.ctp, line 28]
2010-03-29 16:12:31 Notice: Notice (8): Undefined variable: html in [APP/views/layouts/default.ctp, line 28]
2010-03-29 16:12:38 Notice: Notice (8): Undefined variable: html in [APP/views/layouts/default.ctp, line 28]
2010-03-29 16:13:33 Notice: Notice (8): Undefined variable: html in [APP/views/layouts/default.ctp, line 28]
2010-03-29 16:14:11 Notice: Notice (8): Undefined variable: html in [APP/views/layouts/default.ctp, line 28]
2010-03-29 16:14:31 Notice: Notice (8): Undefined variable: html in [APP/views/layouts/default.ctp, line 28]
2010-03-29 16:15:51 Notice: Notice (8): Undefined variable: html in [APP/views/layouts/default.ctp, line 28]
2010-03-29 16:16:26 Notice: Notice (8): Undefined variable: html in [APP/views/layouts/default.ctp, line 28]
2010-03-29 16:16:30 Notice: Notice (8): Undefined variable: html in [APP/views/layouts/default.ctp, line 28]
2010-03-29 16:16:33 Notice: Notice (8): Undefined variable: html in [APP/views/layouts/default.ctp, line 28]
2010-03-29 16:16:55 Notice: Notice (8): Undefined variable: html in [APP/views/layouts/default.ctp, line 28]
2010-03-29 16:16:57 Notice: Notice (8): Undefined variable: html in [APP/views/layouts/default.ctp, line 28]
2010-03-29 16:16:59 Notice: Notice (8): Undefined variable: html in [APP/views/layouts/default.ctp, line 28]
2010-03-29 16:23:58 Notice: Notice (8): Undefined variable: html in [APP/views/layouts/default.ctp, line 28]
2010-03-29 16:27:52 Notice: Notice (8): Undefined variable: html in [APP/views/layouts/default.ctp, line 28]
2010-03-30 11:24:43 Notice: Notice (8): Undefined variable: html in [APP/views/layouts/default.ctp, line 28]
2010-03-30 11:24:52 Notice: Notice (8): Undefined variable: html in [APP/views/layouts/default.ctp, line 28]
2010-03-30 11:24:56 Notice: Notice (8): Undefined variable: html in [APP/views/layouts/default.ctp, line 28]
2010-03-30 11:24:58 Notice: Notice (8): Undefined variable: html in [APP/views/layouts/default.ctp, line 28]
2010-03-30 11:25:38 Notice: Notice (8): Undefined variable: html in [APP/views/layouts/default.ctp, line 28]
2010-03-30 11:26:04 Notice: Notice (8): Undefined variable: html in [APP/views/layouts/default.ctp, line 28]
2010-03-30 11:26:59 Notice: Notice (8): Undefined variable: html in [APP/views/layouts/default.ctp, line 28]
2010-03-30 11:27:01 Notice: Notice (8): Undefined variable: html in [APP/views/layouts/default.ctp, line 28]
2010-03-30 11:27:03 Notice: Notice (8): Undefined variable: html in [APP/views/layouts/default.ctp, line 28]
2010-03-30 11:28:19 Notice: Notice (8): Undefined variable: html in [APP/views/layouts/default.ctp, line 28]
2010-03-30 11:28:41 Notice: Notice (8): Undefined variable: html in [APP/views/layouts/default.ctp, line 28]
2010-03-30 11:28:57 Notice: Notice (8): Undefined variable: html in [APP/views/layouts/default.ctp, line 28]
2010-03-30 11:29:33 Notice: Notice (8): Undefined variable: html in [APP/views/layouts/default.ctp, line 28]
2010-03-30 11:29:55 Notice: Notice (8): Undefined variable: html in [APP/views/layouts/default.ctp, line 28]
2010-03-30 11:29:57 Notice: Notice (8): Undefined variable: html in [APP/views/layouts/default.ctp, line 28]
2010-03-30 11:30:46 Notice: Notice (8): Undefined variable: html in [APP/views/layouts/default.ctp, line 28]
2010-03-30 13:27:06 Notice: Notice (8): Undefined variable: html in [APP/views/layouts/default.ctp, line 28]
2010-03-30 13:27:13 Notice: Notice (8): Undefined variable: html in [APP/views/layouts/default.ctp, line 28]
2010-03-30 13:27:20 Notice: Notice (8): Undefined variable: html in [APP/views/layouts/default.ctp, line 28]
2010-03-30 13:27:35 Notice: Notice (8): Undefined variable: html in [APP/views/layouts/default.ctp, line 28]
2010-03-30 13:27:39 Notice: Notice (8): Undefined variable: html in [APP/views/layouts/default.ctp, line 28]
2010-03-30 13:27:52 Notice: Notice (8): Undefined variable: html in [APP/views/layouts/default.ctp, line 28]
2010-03-30 13:27:54 Notice: Notice (8): Undefined variable: html in [APP/views/layouts/default.ctp, line 28]
2010-03-30 13:34:38 Notice: Notice (8): Undefined variable: html in [APP/views/layouts/default.ctp, line 28]
2010-03-30 13:37:36 Notice: Notice (8): Undefined variable: html in [APP/views/layouts/default.ctp, line 28]
2010-03-30 13:38:08 Notice: Notice (8): Undefined variable: html in [APP/views/layouts/default.ctp, line 28]
2010-03-30 13:41:18 Notice: Notice (8): Undefined variable: html in [APP/views/layouts/default.ctp, line 28]
2010-03-30 13:41:24 Notice: Notice (8): Undefined variable: html in [APP/views/layouts/default.ctp, line 28]
2010-03-30 15:32:10 Notice: Notice (8): Undefined variable: html in [APP/views/layouts/default.ctp, line 28]
2010-03-30 15:32:12 Notice: Notice (8): Undefined variable: html in [APP/views/layouts/default.ctp, line 28]
2010-03-30 15:33:08 Notice: Notice (8): Undefined variable: html in [APP/views/layouts/default.ctp, line 28]
2010-03-30 15:33:54 Notice: Notice (8): Undefined variable: html in [APP/views/layouts/default.ctp, line 28]
2010-03-30 16:05:39 Notice: Notice (8): Undefined variable: html in [APP/views/layouts/default.ctp, line 28]
2010-03-30 16:05:45 Notice: Notice (8): Undefined variable: html in [APP/views/layouts/default.ctp, line 28]
2010-03-30 16:05:46 Notice: Notice (8): Undefined variable: html in [APP/views/layouts/default.ctp, line 28]
2010-03-30 16:05:47 Notice: Notice (8): Undefined variable: html in [APP/views/layouts/default.ctp, line 28]
2010-03-30 16:05:48 Notice: Notice (8): Undefined variable: html in [APP/views/layouts/default.ctp, line 28]
2010-03-30 16:05:49 Notice: Notice (8): Undefined variable: html in [APP/views/layouts/default.ctp, line 28]
2010-03-31 08:26:21 Notice: Notice (8): Undefined variable: html in [APP/views/layouts/default.ctp, line 28]
2010-03-31 08:26:36 Notice: Notice (8): Undefined variable: html in [APP/views/layouts/default.ctp, line 28]
2010-03-31 08:26:39 Notice: Notice (8): Undefined variable: html in [APP/views/layouts/default.ctp, line 28]
2010-03-31 09:16:15 Notice: Notice (8): Undefined variable: html in [APP/views/layouts/default.ctp, line 28]
2010-03-31 10:07:02 Notice: Notice (8): Undefined variable: html in [APP/views/layouts/default.ctp, line 28]
2010-03-31 10:07:07 Notice: Notice (8): Undefined variable: html in [APP/views/layouts/default.ctp, line 28]
2010-03-31 10:07:09 Notice: Notice (8): Undefined variable: html in [APP/views/layouts/default.ctp, line 28]
2010-03-31 10:08:56 Notice: Notice (8): Undefined variable: html in [APP/views/layouts/default.ctp, line 28]
2010-03-31 10:09:01 Notice: Notice (8): Undefined variable: html in [APP/views/layouts/default.ctp, line 28]
2010-03-31 10:09:03 Notice: Notice (8): Undefined variable: html in [APP/views/layouts/default.ctp, line 28]
2010-03-31 10:44:00 Notice: Notice (8): Undefined variable: html in [APP/views/layouts/default.ctp, line 28]
2010-03-31 10:44:34 Notice: Notice (8): Undefined variable: html in [APP/views/layouts/default.ctp, line 28]
2010-03-31 10:48:09 Notice: Notice (8): Undefined variable: html in [APP/views/layouts/default.ctp, line 28]
2010-03-31 11:11:51 Notice: Notice (8): Undefined variable: html in [APP/views/layouts/default.ctp, line 28]
2010-03-31 11:11:52 Notice: Notice (8): Undefined variable: html in [APP/views/layouts/default.ctp, line 28]
2010-03-31 11:12:08 Notice: Notice (8): Undefined variable: html in [APP/views/layouts/default.ctp, line 28]
2010-03-31 11:12:16 Notice: Notice (8): Undefined variable: html in [APP/views/layouts/default.ctp, line 28]
2010-03-31 11:12:25 Notice: Notice (8): Undefined variable: html in [APP/views/layouts/default.ctp, line 28]
2010-03-31 11:12:46 Notice: Notice (8): Undefined variable: html in [APP/views/layouts/default.ctp, line 28]
2010-03-31 11:16:30 Notice: Notice (8): Undefined index:  congregacao_id in [APP/controllers/membros_controller.php, line 169]
2010-03-31 11:17:26 Notice: Notice (8): Undefined variable: html in [APP/views/layouts/default.ctp, line 28]
2010-03-31 11:19:03 Notice: Notice (8): Undefined variable: html in [APP/views/layouts/default.ctp, line 28]
2010-03-31 11:27:26 Notice: Notice (8): Use of undefined constant nome - assumed 'nome' in [APP/views/membros/aniversariantes_carta.ctp, line 47]
2010-03-31 11:32:26 Notice: Notice (8): Undefined variable: html in [APP/views/layouts/default.ctp, line 28]
2010-03-31 11:33:30 Notice: Notice (8): Undefined variable: html in [APP/views/layouts/default.ctp, line 28]
2010-03-31 11:33:35 Notice: Notice (8): Undefined variable: html in [APP/views/layouts/default.ctp, line 28]
2010-03-31 11:40:56 Notice: Notice (8): Undefined variable: html in [APP/views/layouts/default.ctp, line 28]
2010-03-31 11:41:01 Notice: Notice (8): Undefined variable: html in [APP/views/layouts/default.ctp, line 28]
2010-03-31 11:51:11 Notice: Notice (8): Undefined variable: html in [APP/views/layouts/default.ctp, line 28]
2010-03-31 11:51:20 Notice: Notice (8): Undefined variable: html in [APP/views/layouts/default.ctp, line 28]
2010-03-31 11:53:21 Notice: Notice (8): Undefined variable: html in [APP/views/layouts/default.ctp, line 28]
2010-03-31 11:54:38 Notice: Notice (8): Undefined variable: html in [APP/views/layouts/default.ctp, line 28]
2010-03-31 11:54:50 Notice: Notice (8): Undefined variable: html in [APP/views/layouts/default.ctp, line 28]
2010-03-31 11:55:02 Notice: Notice (8): Undefined variable: html in [APP/views/layouts/default.ctp, line 28]
2010-03-31 11:55:04 Notice: Notice (8): Undefined variable: html in [APP/views/layouts/default.ctp, line 28]
2010-03-31 11:55:06 Notice: Notice (8): Undefined variable: html in [APP/views/layouts/default.ctp, line 28]
2010-03-31 11:57:02 Notice: Notice (8): Undefined variable: html in [APP/views/layouts/default.ctp, line 28]
2010-03-31 11:57:41 Notice: Notice (8): Undefined variable: html in [APP/views/layouts/default.ctp, line 28]
2010-03-31 11:57:44 Notice: Notice (8): Undefined variable: html in [APP/views/layouts/default.ctp, line 28]
2010-03-31 11:57:45 Notice: Notice (8): Undefined variable: html in [APP/views/layouts/default.ctp, line 28]
2010-03-31 11:57:46 Notice: Notice (8): Undefined variable: html in [APP/views/layouts/default.ctp, line 28]
2010-03-31 11:59:28 Notice: Notice (8): Undefined variable: html in [APP/views/layouts/default.ctp, line 28]
2010-03-31 12:00:37 Notice: Notice (8): Undefined variable: html in [APP/views/layouts/default.ctp, line 28]
2010-03-31 12:00:41 Notice: Notice (8): Undefined variable: html in [APP/views/layouts/default.ctp, line 28]
2010-03-31 12:04:35 Notice: Notice (8): Undefined variable: html in [APP/views/layouts/default.ctp, line 28]
2010-03-31 13:02:03 Notice: Notice (8): Undefined variable: html in [APP/views/layouts/default.ctp, line 28]
2010-03-31 13:02:04 Notice: Notice (8): Undefined variable: html in [APP/views/layouts/default.ctp, line 28]
2010-03-31 13:06:16 Notice: Notice (8): Undefined variable: html in [APP/views/layouts/default.ctp, line 28]
2010-03-31 13:06:40 Notice: Notice (8): Undefined variable: html in [APP/views/layouts/default.ctp, line 28]
2010-03-31 13:07:19 Notice: Notice (8): Undefined variable: html in [APP/views/layouts/default.ctp, line 28]
2010-03-31 13:07:21 Notice: Notice (8): Undefined variable: html in [APP/views/layouts/default.ctp, line 28]
2010-03-31 13:07:46 Notice: Notice (8): Undefined variable: html in [APP/views/layouts/default.ctp, line 28]
2010-03-31 13:08:37 Notice: Notice (8): Undefined variable: html in [APP/views/layouts/default.ctp, line 28]
2010-03-31 13:08:59 Notice: Notice (8): Undefined variable: html in [APP/views/layouts/default.ctp, line 28]
2010-03-31 13:09:00 Notice: Notice (8): Undefined variable: html in [APP/views/layouts/default.ctp, line 28]
2010-03-31 13:09:49 Notice: Notice (8): Undefined variable: html in [APP/views/layouts/default.ctp, line 28]
2010-03-31 13:10:52 Notice: Notice (8): Undefined variable: html in [APP/views/layouts/default.ctp, line 28]
2010-03-31 13:14:09 Notice: Notice (8): Undefined variable: html in [APP/views/layouts/default.ctp, line 28]
2010-03-31 13:14:31 Notice: Notice (8): Undefined variable: html in [APP/views/layouts/default.ctp, line 28]
2010-03-31 13:14:35 Notice: Notice (8): Undefined index:  data in [APP/controllers/membros_controller.php, line 149]
2010-03-31 13:14:35 Notice: Notice (8): Undefined index:  data in [APP/views/membros/aniversariantes.ctp, line 6]
2010-03-31 13:14:35 Notice: Notice (8): Undefined variable: html in [APP/views/layouts/default.ctp, line 28]
2010-03-31 13:15:30 Notice: Notice (8): Undefined variable: html in [APP/views/layouts/default.ctp, line 28]
2010-03-31 13:15:32 Notice: Notice (8): Undefined variable: html in [APP/views/layouts/default.ctp, line 28]
2010-03-31 13:15:34 Notice: Notice (8): Undefined index:  data in [APP/controllers/membros_controller.php, line 149]
2010-03-31 13:15:34 Notice: Notice (8): Undefined index:  data in [APP/views/membros/aniversariantes.ctp, line 6]
2010-03-31 13:15:34 Notice: Notice (8): Undefined variable: html in [APP/views/layouts/default.ctp, line 28]
2010-03-31 13:15:47 Notice: Notice (8): Undefined variable: html in [APP/views/layouts/default.ctp, line 28]
2010-03-31 13:15:48 Notice: Notice (8): Undefined variable: html in [APP/views/layouts/default.ctp, line 28]
2010-03-31 13:15:49 Notice: Notice (8): Undefined variable: html in [APP/views/layouts/default.ctp, line 28]
2010-03-31 13:15:52 Notice: Notice (8): Undefined variable: html in [APP/views/layouts/default.ctp, line 28]
2010-03-31 13:15:58 Notice: Notice (8): Undefined variable: html in [APP/views/layouts/default.ctp, line 28]
2010-03-31 13:19:03 Notice: Notice (8): Undefined variable: html in [APP/views/layouts/default.ctp, line 28]
2010-03-31 13:20:41 Notice: Notice (8): Undefined variable: html in [APP/views/layouts/default.ctp, line 28]
2010-03-31 13:20:56 Notice: Notice (8): Undefined variable: html in [APP/views/layouts/default.ctp, line 28]
2010-03-31 13:20:59 Notice: Notice (8): Undefined variable: html in [APP/views/layouts/default.ctp, line 28]
2010-03-31 13:21:02 Notice: Notice (8): Undefined variable: html in [APP/views/layouts/default.ctp, line 28]
2010-03-31 13:21:03 Notice: Notice (8): Undefined variable: html in [APP/views/layouts/default.ctp, line 28]
2010-03-31 13:21:09 Notice: Notice (8): Undefined variable: html in [APP/views/layouts/default.ctp, line 28]
2010-03-31 13:21:25 Notice: Notice (8): Undefined variable: html in [APP/views/layouts/default.ctp, line 28]
2010-03-31 13:21:28 Notice: Notice (8): Undefined variable: html in [APP/views/layouts/default.ctp, line 28]
2010-03-31 13:21:34 Notice: Notice (8): Undefined variable: html in [APP/views/layouts/default.ctp, line 28]
2010-03-31 13:21:49 Notice: Notice (8): Undefined variable: html in [APP/views/layouts/default.ctp, line 28]
2010-03-31 13:21:54 Notice: Notice (8): Undefined variable: html in [APP/views/layouts/default.ctp, line 28]
2010-03-31 13:21:55 Notice: Notice (8): Undefined variable: html in [APP/views/layouts/default.ctp, line 28]
2010-03-31 13:21:58 Notice: Notice (8): Undefined variable: html in [APP/views/layouts/default.ctp, line 28]
2010-03-31 13:22:01 Notice: Notice (8): Undefined variable: html in [APP/views/layouts/default.ctp, line 28]
2010-03-31 13:22:07 Notice: Notice (8): Undefined variable: html in [APP/views/layouts/default.ctp, line 28]
2010-03-31 13:22:09 Notice: Notice (8): Undefined variable: html in [APP/views/layouts/default.ctp, line 28]
2010-03-31 13:22:12 Notice: Notice (8): Undefined variable: html in [APP/views/layouts/default.ctp, line 28]
2010-03-31 13:22:14 Notice: Notice (8): Undefined variable: html in [APP/views/layouts/default.ctp, line 28]
2010-03-31 13:22:15 Notice: Notice (8): Undefined variable: html in [APP/views/layouts/default.ctp, line 28]
2010-03-31 13:22:18 Notice: Notice (8): Undefined variable: html in [APP/views/layouts/default.ctp, line 28]
2010-03-31 13:22:21 Notice: Notice (8): Undefined variable: html in [APP/views/layouts/default.ctp, line 28]
2010-03-31 13:22:53 Notice: Notice (8): Undefined variable: html in [APP/views/layouts/default.ctp, line 28]
2010-03-31 13:22:57 Notice: Notice (8): Undefined variable: html in [APP/views/layouts/default.ctp, line 28]
2010-03-31 13:23:00 Notice: Notice (8): Undefined variable: html in [APP/views/layouts/default.ctp, line 28]
2010-03-31 13:23:12 Notice: Notice (8): Undefined variable: html in [APP/views/layouts/default.ctp, line 28]
2010-03-31 13:25:14 Notice: Notice (8): Undefined variable: html in [APP/views/layouts/default.ctp, line 28]
2010-03-31 13:25:18 Notice: Notice (8): Undefined variable: html in [APP/views/layouts/default.ctp, line 28]
2010-03-31 13:25:32 Notice: Notice (8): Undefined variable: html in [APP/views/layouts/default.ctp, line 28]
2010-03-31 13:31:19 Notice: Notice (8): Undefined variable: html in [APP/views/layouts/default.ctp, line 28]
2010-03-31 13:31:30 Notice: Notice (8): Undefined variable: html in [APP/views/layouts/default.ctp, line 28]
2010-03-31 13:31:34 Notice: Notice (8): Undefined variable: html in [APP/views/layouts/default.ctp, line 28]
2010-03-31 13:31:35 Notice: Notice (8): Undefined variable: html in [APP/views/layouts/default.ctp, line 28]
2010-03-31 14:00:27 Notice: Notice (8): Undefined variable: html in [APP/views/layouts/default.ctp, line 28]
2010-03-31 14:04:23 Notice: Notice (8): Undefined variable: html in [APP/views/layouts/default.ctp, line 28]
2010-03-31 14:07:01 Notice: Notice (8): Undefined variable: html in [APP/views/layouts/default.ctp, line 28]
2010-03-31 14:07:03 Notice: Notice (8): Undefined variable: html in [APP/views/layouts/default.ctp, line 28]
2010-03-31 14:07:26 Notice: Notice (8): Undefined variable: html in [APP/views/layouts/default.ctp, line 28]
2010-03-31 14:07:28 Notice: Notice (8): Undefined variable: html in [APP/views/layouts/default.ctp, line 28]
2010-03-31 14:07:47 Notice: Notice (8): Undefined variable: html in [APP/views/layouts/default.ctp, line 28]
2010-03-31 14:07:48 Notice: Notice (8): Undefined variable: html in [APP/views/layouts/default.ctp, line 28]
2010-03-31 14:10:24 Notice: Notice (8): Undefined variable: html in [APP/views/layouts/default.ctp, line 28]
2010-03-31 14:10:29 Notice: Notice (8): Undefined variable: html in [APP/views/layouts/default.ctp, line 28]
2010-03-31 14:10:43 Notice: Notice (8): Undefined variable: html in [APP/views/layouts/default.ctp, line 28]
2010-03-31 14:10:45 Notice: Notice (8): Undefined variable: html in [APP/views/layouts/default.ctp, line 28]
2010-03-31 14:11:51 Notice: Notice (8): Undefined variable: html in [APP/views/layouts/default.ctp, line 28]
2010-03-31 14:11:54 Notice: Notice (8): Undefined variable: html in [APP/views/layouts/default.ctp, line 28]
2010-03-31 14:11:55 Notice: Notice (8): Undefined variable: html in [APP/views/layouts/default.ctp, line 28]
2010-03-31 14:11:57 Notice: Notice (8): Undefined variable: html in [APP/views/layouts/default.ctp, line 28]
2010-03-31 14:11:59 Notice: Notice (8): Undefined variable: html in [APP/views/layouts/default.ctp, line 28]
2010-03-31 14:13:48 Notice: Notice (8): Undefined variable: html in [APP/views/layouts/default.ctp, line 28]
2010-03-31 14:14:05 Notice: Notice (8): Undefined variable: html in [APP/views/layouts/default.ctp, line 28]
2010-03-31 14:15:11 Notice: Notice (8): Undefined variable: html in [APP/views/layouts/default.ctp, line 28]
2010-03-31 14:15:15 Notice: Notice (8): Undefined variable: html in [APP/views/layouts/default.ctp, line 28]
2010-03-31 14:15:26 Notice: Notice (8): Undefined variable: html in [APP/views/layouts/default.ctp, line 28]
2010-03-31 14:15:33 Notice: Notice (8): Undefined variable: html in [APP/views/layouts/default.ctp, line 28]
2010-03-31 14:16:12 Notice: Notice (8): Undefined variable: html in [APP/views/layouts/default.ctp, line 28]
2010-03-31 14:16:57 Notice: Notice (8): Undefined variable: html in [APP/views/layouts/default.ctp, line 28]
2010-03-31 14:18:24 Notice: Notice (8): Undefined variable: html in [APP/views/layouts/default.ctp, line 28]
2010-03-31 14:18:27 Notice: Notice (8): Undefined variable: html in [APP/views/layouts/default.ctp, line 28]
2010-03-31 14:18:34 Notice: Notice (8): Undefined variable: html in [APP/views/layouts/default.ctp, line 28]
2010-03-31 14:18:38 Notice: Notice (8): Undefined variable: html in [APP/views/layouts/default.ctp, line 28]
2010-03-31 14:18:42 Notice: Notice (8): Undefined variable: html in [APP/views/layouts/default.ctp, line 28]
2010-03-31 14:20:29 Notice: Notice (8): Undefined variable: html in [APP/views/layouts/default.ctp, line 28]
2010-03-31 14:35:51 Notice: Notice (8): Undefined index:  membro in [APP/views/congregacoes/membros_congregacao_pdf.ctp, line 28]
2010-03-31 14:36:39 Notice: Notice (8): Undefined variable: html in [APP/views/layouts/default.ctp, line 28]
2010-03-31 14:37:22 Notice: Notice (8): Undefined variable: html in [APP/views/layouts/default.ctp, line 28]
2010-03-31 14:41:46 Notice: Notice (8): Undefined variable: html in [APP/views/layouts/default.ctp, line 28]
2010-03-31 14:41:56 Notice: Notice (8): Undefined variable: html in [APP/views/layouts/default.ctp, line 28]
2010-03-31 14:42:15 Notice: Notice (8): Undefined variable: html in [APP/views/layouts/default.ctp, line 28]
2010-03-31 14:42:16 Notice: Notice (8): Undefined index:  Membro in [APP/views/congregacoes/membros_congregacao_pdf.ctp, line 30]
2010-03-31 14:42:16 Notice: Notice (8): Undefined index:  Membro in [APP/views/congregacoes/membros_congregacao_pdf.ctp, line 31]
2010-03-31 14:42:16 Notice: Notice (8): Undefined variable: formatacao in [APP/views/congregacoes/membros_congregacao_pdf.ctp, line 32]
2010-03-31 14:44:34 Notice: Notice (8): Use of undefined constant congregacao - assumed 'congregacao' in [APP/views/congregacoes/membros_congregacao.ctp, line 2]
2010-03-31 14:44:34 Notice: Notice (8): Undefined variable: html in [APP/views/layouts/default.ctp, line 28]
2010-03-31 14:45:00 Notice: Notice (8): Use of undefined constant congregacao - assumed 'congregacao' in [APP/views/congregacoes/membros_congregacao.ctp, line 2]
2010-03-31 14:45:00 Notice: Notice (8): Undefined variable: html in [APP/views/layouts/default.ctp, line 28]
2010-03-31 14:45:16 Notice: Notice (8): Use of undefined constant congregacao - assumed 'congregacao' in [APP/views/congregacoes/membros_congregacao.ctp, line 2]
2010-03-31 14:45:16 Notice: Notice (8): Undefined variable: html in [APP/views/layouts/default.ctp, line 28]
2010-03-31 14:45:29 Notice: Notice (8): Use of undefined constant congregacao - assumed 'congregacao' in [APP/views/congregacoes/membros_congregacao.ctp, line 2]
2010-03-31 14:45:29 Notice: Notice (8): Undefined variable: html in [APP/views/layouts/default.ctp, line 28]
2010-03-31 14:45:44 Notice: Notice (8): Undefined variable: html in [APP/views/layouts/default.ctp, line 28]
2010-03-31 14:46:09 Notice: Notice (8): Undefined variable: html in [APP/views/layouts/default.ctp, line 28]
2010-03-31 14:46:14 Notice: Notice (8): Use of undefined constant congregacao - assumed 'congregacao' in [APP/views/congregacoes/membros_congregacao.ctp, line 2]
2010-03-31 14:46:15 Notice: Notice (8): Undefined variable: html in [APP/views/layouts/default.ctp, line 28]
2010-03-31 14:46:44 Notice: Notice (8): Undefined variable: html in [APP/views/layouts/default.ctp, line 28]
2010-03-31 14:47:04 Notice: Notice (8): Undefined variable: html in [APP/views/layouts/default.ctp, line 28]
2010-03-31 14:47:34 Notice: Notice (8): Undefined variable: congregacao in [APP/views/congregacoes/membros_congregacao.ctp, line 2]
2010-03-31 14:47:34 Notice: Notice (8): Undefined variable: html in [APP/views/layouts/default.ctp, line 28]
2010-03-31 14:47:41 Notice: Notice (8): Undefined variable: html in [APP/views/layouts/default.ctp, line 28]
2010-03-31 14:47:42 Notice: Notice (8): Undefined variable: formatacao in [APP/views/congregacoes/membros_congregacao_pdf.ctp, line 32]
2010-03-31 14:48:12 Notice: Notice (8): Undefined variable: html in [APP/views/layouts/default.ctp, line 28]
2010-03-31 14:57:09 Notice: Notice (8): Undefined offset:  7 in [APP/views/congregacoes/membros_congregacao_pdf.ctp, line 22]
2010-03-31 14:57:09 Notice: Notice (8): Undefined offset:  7 in [APP/views/congregacoes/membros_congregacao_pdf.ctp, line 38]
2010-03-31 14:57:54 Notice: Notice (8): Undefined variable: html in [APP/views/layouts/default.ctp, line 28]
2010-03-31 15:01:08 Notice: Notice (8): Undefined variable: html in [APP/views/layouts/default.ctp, line 28]
2010-03-31 15:11:00 Notice: Notice (8): Undefined variable: html in [APP/views/layouts/default.ctp, line 28]
2010-03-31 15:11:02 Notice: Notice (8): Undefined variable: html in [APP/views/layouts/default.ctp, line 28]
2010-03-31 15:16:23 Notice: Notice (8): Undefined variable: html in [APP/views/layouts/default.ctp, line 28]
2010-03-31 15:16:24 Notice: Notice (8): Undefined variable: html in [APP/views/layouts/default.ctp, line 28]
2010-03-31 15:18:29 Notice: Notice (8): Undefined variable: html in [APP/views/layouts/default.ctp, line 28]
2010-03-31 15:18:45 Notice: Notice (8): Undefined variable: html in [APP/views/layouts/default.ctp, line 28]
2010-03-31 15:18:47 Notice: Notice (8): Undefined variable: html in [APP/views/layouts/default.ctp, line 28]
2010-03-31 15:25:01 Notice: Notice (8): Undefined variable: html in [APP/views/layouts/default.ctp, line 28]
2010-03-31 15:27:48 Notice: Notice (8): Undefined variable: html in [APP/views/layouts/default.ctp, line 28]
2010-03-31 15:36:21 Notice: Notice (8): Undefined variable: html in [APP/views/layouts/default.ctp, line 28]
2010-03-31 15:40:35 Notice: Notice (8): Undefined variable: html in [APP/views/layouts/default.ctp, line 28]
2010-03-31 15:41:10 Notice: Notice (8): Undefined variable: html in [APP/views/layouts/default.ctp, line 28]
2010-03-31 15:41:15 Notice: Notice (8): Undefined variable: html in [APP/views/layouts/default.ctp, line 28]
2010-03-31 15:41:17 Notice: Notice (8): Undefined variable: html in [APP/views/layouts/default.ctp, line 28]
2010-03-31 15:43:20 Notice: Notice (8): Undefined variable: html in [APP/views/layouts/default.ctp, line 28]
2010-03-31 15:43:25 Notice: Notice (8): Undefined variable: html in [APP/views/layouts/default.ctp, line 28]
2010-03-31 15:43:31 Notice: Notice (8): Undefined variable: html in [APP/views/layouts/default.ctp, line 28]
2010-03-31 15:45:49 Notice: Notice (8): Undefined variable: html in [APP/views/layouts/default.ctp, line 28]
2010-03-31 15:45:51 Notice: Notice (8): Undefined variable: html in [APP/views/layouts/default.ctp, line 28]
2010-03-31 15:45:56 Notice: Notice (8): Undefined variable: html in [APP/views/layouts/default.ctp, line 28]
2010-03-31 16:20:55 Notice: Notice (8): Undefined variable: html in [APP/views/layouts/default.ctp, line 28]
2010-03-31 16:20:58 Notice: Notice (8): Undefined variable: html in [APP/views/layouts/default.ctp, line 28]
2010-03-31 16:23:28 Notice: Notice (8): Undefined variable: html in [APP/views/layouts/default.ctp, line 28]
2010-03-31 16:24:35 Notice: Notice (8): Undefined variable: html in [APP/views/layouts/default.ctp, line 28]
2010-03-31 16:24:36 Notice: Notice (8): Undefined variable: html in [APP/views/layouts/default.ctp, line 28]
2010-03-31 16:24:39 Notice: Notice (8): Undefined variable: html in [APP/views/layouts/default.ctp, line 28]
2010-03-31 16:25:40 Notice: Notice (8): Undefined variable: html in [APP/views/layouts/default.ctp, line 28]
2010-03-31 16:25:44 Notice: Notice (8): Undefined variable: html in [APP/views/layouts/default.ctp, line 28]
2010-03-31 16:25:49 Notice: Notice (8): Undefined variable: html in [APP/views/layouts/default.ctp, line 28]
2010-03-31 20:48:45 Notice: Notice (8): Undefined variable: html in [APP/views/layouts/default.ctp, line 28]
2010-03-31 20:48:58 Notice: Notice (8): Undefined variable: html in [APP/views/layouts/default.ctp, line 28]
2010-03-31 20:49:22 Notice: Notice (8): Undefined variable: html in [APP/views/layouts/default.ctp, line 28]
2010-03-31 20:50:00 Notice: Notice (8): Undefined variable: html in [APP/views/layouts/default.ctp, line 28]
2010-03-31 20:50:06 Notice: Notice (8): Undefined variable: html in [APP/views/layouts/default.ctp, line 28]
2010-03-31 20:50:23 Notice: Notice (8): Undefined variable: html in [APP/views/layouts/default.ctp, line 28]
2010-03-31 20:51:11 Notice: Notice (8): Undefined variable: html in [APP/views/layouts/default.ctp, line 28]
2010-03-31 20:51:14 Notice: Notice (8): Undefined variable: html in [APP/views/layouts/default.ctp, line 28]
2010-03-31 20:51:18 Notice: Notice (8): Undefined variable: html in [APP/views/layouts/default.ctp, line 28]
2010-03-31 20:51:35 Notice: Notice (8): Undefined variable: html in [APP/views/layouts/default.ctp, line 28]
2010-03-31 20:54:33 Notice: Notice (8): Undefined variable: html in [APP/views/layouts/default.ctp, line 28]
2010-03-31 20:55:20 Notice: Notice (8): Undefined variable: html in [APP/views/layouts/default.ctp, line 28]
2010-03-31 20:55:23 Notice: Notice (8): Undefined variable: html in [APP/views/layouts/default.ctp, line 28]
2010-03-31 20:56:41 Notice: Notice (8): Undefined variable: html in [APP/views/layouts/default.ctp, line 28]
2010-03-31 20:56:49 Notice: Notice (8): Undefined variable: html in [APP/views/layouts/default.ctp, line 28]
2010-03-31 20:56:54 Notice: Notice (8): Undefined variable: html in [APP/views/layouts/default.ctp, line 28]
2010-03-31 20:56:59 Notice: Notice (8): Undefined variable: html in [APP/views/layouts/default.ctp, line 28]
2010-03-31 20:57:14 Notice: Notice (8): Undefined variable: html in [APP/views/layouts/default.ctp, line 28]
2010-03-31 20:59:04 Notice: Notice (8): Undefined variable: paginator in [APP/views/membros/index.ctp, line 8]
2010-03-31 20:59:31 Notice: Notice (8): Undefined variable: html in [APP/views/layouts/default.ctp, line 28]
2010-03-31 20:59:40 Notice: Notice (8): Undefined variable: html in [APP/views/layouts/default.ctp, line 28]
2010-03-31 20:59:42 Notice: Notice (8): Undefined variable: html in [APP/views/layouts/default.ctp, line 28]
2010-03-31 20:59:45 Notice: Notice (8): Undefined variable: html in [APP/views/layouts/default.ctp, line 28]
2010-03-31 21:01:31 Notice: Notice (8): Undefined variable: html in [APP/views/layouts/default.ctp, line 28]
2010-03-31 21:12:08 Notice: Notice (8): Undefined variable: html in [APP/views/layouts/default.ctp, line 28]
2010-03-31 21:12:10 Notice: Notice (8): Undefined variable: html in [APP/views/layouts/default.ctp, line 28]
2010-03-31 21:12:15 Notice: Notice (8): Undefined variable: html in [APP/views/layouts/default.ctp, line 28]
2010-03-31 21:12:46 Notice: Notice (8): Undefined variable: html in [APP/views/layouts/default.ctp, line 28]
2010-03-31 21:12:50 Notice: Notice (8): Undefined variable: html in [APP/views/layouts/default.ctp, line 28]
2010-03-31 21:13:22 Notice: Notice (8): Undefined variable: html in [APP/views/layouts/default.ctp, line 28]
2010-03-31 21:13:33 Notice: Notice (8): Undefined variable: html in [APP/views/layouts/default.ctp, line 28]
2010-03-31 21:13:36 Notice: Notice (8): Undefined variable: html in [APP/views/layouts/default.ctp, line 28]
2010-03-31 21:14:52 Notice: Notice (8): Undefined variable: html in [APP/views/layouts/default.ctp, line 28]
2010-03-31 21:15:13 Notice: Notice (8): Undefined variable: html in [APP/views/layouts/default.ctp, line 28]
2010-03-31 21:15:28 Notice: Notice (8): Undefined variable: html in [APP/views/layouts/default.ctp, line 28]
2010-03-31 21:15:33 Notice: Notice (8): Undefined variable: html in [APP/views/layouts/default.ctp, line 28]
2010-03-31 21:15:37 Notice: Notice (8): Undefined variable: html in [APP/views/layouts/default.ctp, line 28]
2010-03-31 21:15:43 Notice: Notice (8): Undefined variable: html in [APP/views/layouts/default.ctp, line 28]
2010-03-31 21:16:04 Notice: Notice (8): Undefined variable: html in [APP/views/layouts/default.ctp, line 28]
2010-03-31 21:16:07 Notice: Notice (8): Undefined variable: html in [APP/views/layouts/default.ctp, line 28]
2010-03-31 21:16:12 Notice: Notice (8): Undefined variable: html in [APP/views/layouts/default.ctp, line 28]
2010-03-31 21:16:15 Notice: Notice (8): Undefined variable: html in [APP/views/layouts/default.ctp, line 28]
2010-03-31 21:16:28 Notice: Notice (8): Undefined variable: html in [APP/views/layouts/default.ctp, line 28]
2010-03-31 21:16:30 Notice: Notice (8): Undefined variable: html in [APP/views/layouts/default.ctp, line 28]
2010-03-31 21:18:16 Notice: Notice (8): Undefined variable: html in [APP/views/layouts/default.ctp, line 28]
2010-03-31 21:18:22 Notice: Notice (8): Undefined variable: html in [APP/views/layouts/default.ctp, line 28]
2010-03-31 21:18:24 Notice: Notice (8): Undefined variable: html in [APP/views/layouts/default.ctp, line 28]
2010-03-31 21:18:27 Notice: Notice (8): Undefined variable: html in [APP/views/layouts/default.ctp, line 28]
2010-03-31 21:19:38 Notice: Notice (8): Undefined variable: html in [APP/views/layouts/default.ctp, line 28]
2010-03-31 21:19:39 Notice: Notice (8): Undefined variable: html in [APP/views/layouts/default.ctp, line 28]
2010-03-31 21:19:40 Notice: Notice (8): Undefined variable: html in [APP/views/layouts/default.ctp, line 28]
2010-03-31 21:19:41 Notice: Notice (8): Undefined variable: html in [APP/views/layouts/default.ctp, line 28]
2010-03-31 21:19:42 Notice: Notice (8): Undefined variable: html in [APP/views/layouts/default.ctp, line 28]
2010-03-31 21:19:43 Notice: Notice (8): Undefined variable: html in [APP/views/layouts/default.ctp, line 28]
2010-03-31 21:19:45 Notice: Notice (8): Undefined variable: html in [APP/views/layouts/default.ctp, line 28]
2010-03-31 21:24:37 Notice: Notice (8): Undefined variable: html in [APP/views/layouts/default.ctp, line 28]
2010-03-31 21:24:42 Notice: Notice (8): Undefined variable: html in [APP/views/layouts/default.ctp, line 28]
2010-03-31 21:24:46 Notice: Notice (8): Undefined variable: html in [APP/views/layouts/default.ctp, line 28]
2010-03-31 21:24:50 Notice: Notice (8): Undefined variable: html in [APP/views/layouts/default.ctp, line 28]
2010-03-31 21:24:57 Notice: Notice (8): Undefined variable: html in [APP/views/layouts/default.ctp, line 28]
2010-03-31 21:25:23 Notice: Notice (8): Undefined variable: html in [APP/views/layouts/default.ctp, line 28]
2010-03-31 21:26:50 Notice: Notice (8): Undefined variable: html in [APP/views/layouts/default.ctp, line 28]
2010-03-31 21:26:54 Notice: Notice (8): Undefined variable: html in [APP/views/layouts/default.ctp, line 28]
2010-03-31 21:26:58 Notice: Notice (8): Undefined variable: html in [APP/views/layouts/default.ctp, line 28]
2010-03-31 21:27:01 Notice: Notice (8): Undefined variable: html in [APP/views/layouts/default.ctp, line 28]
2010-03-31 21:27:08 Notice: Notice (8): Undefined variable: html in [APP/views/layouts/default.ctp, line 28]
2010-03-31 21:27:12 Notice: Notice (8): Undefined variable: html in [APP/views/layouts/default.ctp, line 28]
2010-03-31 21:27:16 Notice: Notice (8): Undefined variable: html in [APP/views/layouts/default.ctp, line 28]
2010-03-31 21:28:16 Notice: Notice (8): Undefined variable: html in [APP/views/layouts/default.ctp, line 28]
2010-03-31 21:28:19 Notice: Notice (8): Undefined variable: html in [APP/views/layouts/default.ctp, line 28]
2010-03-31 21:29:02 Notice: Notice (8): Undefined variable: html in [APP/views/layouts/default.ctp, line 28]
2010-03-31 21:29:05 Notice: Notice (8): Undefined variable: html in [APP/views/layouts/default.ctp, line 28]
2010-03-31 21:29:11 Notice: Notice (8): Undefined variable: html in [APP/views/layouts/default.ctp, line 28]
2010-03-31 21:29:30 Notice: Notice (8): Undefined variable: html in [APP/views/layouts/default.ctp, line 28]
2010-03-31 21:29:34 Notice: Notice (8): Undefined variable: html in [APP/views/layouts/default.ctp, line 28]
2010-03-31 21:30:27 Notice: Notice (8): Undefined variable: html in [APP/views/layouts/default.ctp, line 28]
2010-03-31 21:30:30 Notice: Notice (8): Undefined variable: html in [APP/views/layouts/default.ctp, line 28]
2010-03-31 22:02:15 Notice: Notice (8): Undefined variable: html in [APP/views/layouts/default.ctp, line 28]
2010-03-31 22:26:43 Notice: Notice (8): Undefined variable: html in [APP/views/layouts/default.ctp, line 28]
2010-03-31 22:27:29 Notice: Notice (8): Undefined variable: html in [APP/views/layouts/default.ctp, line 28]
2010-03-31 22:28:27 Notice: Notice (8): Undefined variable: html in [APP/views/layouts/default.ctp, line 28]
2010-03-31 22:28:41 Notice: Notice (8): Undefined variable: html in [APP/views/layouts/default.ctp, line 28]
2010-03-31 22:29:02 Notice: Notice (8): Undefined variable: html in [APP/views/layouts/default.ctp, line 28]
2010-03-31 22:29:31 Notice: Notice (8): Undefined variable: html in [APP/views/layouts/default.ctp, line 28]
2010-03-31 22:30:41 Notice: Notice (8): Undefined variable: html in [APP/views/layouts/default.ctp, line 28]
2010-03-31 22:31:09 Notice: Notice (8): Undefined variable: html in [APP/views/layouts/default.ctp, line 28]
2010-03-31 22:31:11 Notice: Notice (8): Undefined variable: html in [APP/views/layouts/default.ctp, line 28]
2010-03-31 22:32:10 Notice: Notice (8): Undefined variable: html in [APP/views/layouts/default.ctp, line 28]
2010-03-31 22:32:26 Notice: Notice (8): Undefined variable: html in [APP/views/layouts/default.ctp, line 28]
2010-03-31 22:32:31 Notice: Notice (8): Undefined variable: html in [APP/views/layouts/default.ctp, line 28]
2010-03-31 22:32:37 Notice: Notice (8): Undefined variable: html in [APP/views/layouts/default.ctp, line 28]
2010-03-31 22:33:43 Notice: Notice (8): Undefined variable: html in [APP/views/layouts/default.ctp, line 28]
2010-03-31 22:34:20 Notice: Notice (8): Undefined variable: html in [APP/views/layouts/default.ctp, line 28]
2010-03-31 22:34:23 Notice: Notice (8): Undefined variable: html in [APP/views/layouts/default.ctp, line 28]
2010-03-31 22:34:26 Notice: Notice (8): Undefined variable: html in [APP/views/layouts/default.ctp, line 28]
2010-03-31 22:34:28 Notice: Notice (8): Undefined variable: html in [APP/views/layouts/default.ctp, line 28]
2010-03-31 22:34:31 Notice: Notice (8): Undefined variable: html in [APP/views/layouts/default.ctp, line 28]
2010-03-31 22:34:34 Notice: Notice (8): Undefined variable: html in [APP/views/layouts/default.ctp, line 28]
2010-03-31 22:35:04 Notice: Notice (8): Undefined variable: html in [APP/views/layouts/default.ctp, line 28]
2010-03-31 22:35:07 Notice: Notice (8): Undefined variable: html in [APP/views/layouts/default.ctp, line 28]
2010-03-31 22:35:18 Notice: Notice (8): Undefined variable: html in [APP/views/layouts/default.ctp, line 28]
2010-03-31 22:35:36 Notice: Notice (8): Undefined variable: html in [APP/views/layouts/default.ctp, line 28]
2010-03-31 22:35:47 Notice: Notice (8): Undefined variable: html in [APP/views/layouts/default.ctp, line 28]
2010-03-31 22:36:10 Notice: Notice (8): Undefined variable: html in [APP/views/layouts/default.ctp, line 28]
2010-03-31 22:36:15 Notice: Notice (8): Undefined variable: html in [APP/views/layouts/default.ctp, line 28]
2010-03-31 22:36:18 Notice: Notice (8): Undefined variable: html in [APP/views/layouts/default.ctp, line 28]
2010-03-31 22:36:30 Notice: Notice (8): Undefined variable: html in [APP/views/layouts/default.ctp, line 28]
2010-03-31 22:41:57 Notice: Notice (8): Undefined variable: html in [APP/views/layouts/default.ctp, line 28]
2010-03-31 22:42:17 Notice: Notice (8): Undefined variable: html in [APP/views/layouts/default.ctp, line 28]
2010-03-31 22:42:20 Notice: Notice (8): Undefined variable: html in [APP/views/layouts/default.ctp, line 28]
2010-03-31 22:42:36 Notice: Notice (8): Undefined index:  Congregacao in [APP/views/situacoes/index.ctp, line 25]
2010-03-31 22:42:36 Notice: Notice (8): Undefined index:  Congregacao in [APP/views/situacoes/index.ctp, line 28]
2010-03-31 22:42:36 Notice: Notice (8): Undefined index:  Congregacao in [APP/views/situacoes/index.ctp, line 31]
2010-03-31 22:42:36 Notice: Notice (8): Undefined index:  Congregacao in [APP/views/situacoes/index.ctp, line 32]
2010-03-31 22:42:36 Notice: Notice (8): Undefined variable: html in [APP/views/layouts/default.ctp, line 28]
2010-03-31 22:42:53 Notice: Notice (8): Undefined variable: html in [APP/views/layouts/default.ctp, line 28]
2010-03-31 22:43:07 Notice: Notice (8): Undefined variable: html in [APP/views/layouts/default.ctp, line 28]
2010-03-31 22:43:10 Notice: Notice (8): Undefined variable: html in [APP/views/layouts/default.ctp, line 28]
2010-03-31 22:43:16 Notice: Notice (8): Undefined variable: html in [APP/views/layouts/default.ctp, line 28]
2010-03-31 22:43:24 Notice: Notice (8): Undefined variable: html in [APP/views/layouts/default.ctp, line 28]
2010-03-31 22:43:26 Notice: Notice (8): Undefined variable: html in [APP/views/layouts/default.ctp, line 28]
2010-03-31 22:55:43 Notice: Notice (8): Undefined variable: html in [APP/views/layouts/default.ctp, line 28]
2010-03-31 22:56:55 Notice: Notice (8): Undefined variable: html in [APP/views/layouts/default.ctp, line 28]
2010-03-31 22:57:04 Notice: Notice (8): Undefined variable: html in [APP/views/layouts/default.ctp, line 28]
2010-03-31 22:57:14 Notice: Notice (8): Undefined variable: html in [APP/views/layouts/default.ctp, line 28]
2010-03-31 22:57:16 Notice: Notice (8): Undefined variable: html in [APP/views/layouts/default.ctp, line 28]
2010-03-31 22:57:51 Notice: Notice (8): Undefined variable: html in [APP/views/layouts/default.ctp, line 28]
2010-03-31 22:58:00 Notice: Notice (8): Undefined variable: html in [APP/views/layouts/default.ctp, line 28]
2010-03-31 22:58:13 Notice: Notice (8): Undefined variable: html in [APP/views/layouts/default.ctp, line 28]
2010-04-01 20:17:34 Notice: Notice (8): Undefined variable: html in [APP/views/layouts/default.ctp, line 28]
2010-04-01 20:18:56 Notice: Notice (8): Undefined variable: html in [APP/views/layouts/default.ctp, line 28]
2010-04-01 20:18:59 Notice: Notice (8): Undefined variable: html in [APP/views/layouts/default.ctp, line 28]
2010-04-01 20:19:03 Notice: Notice (8): Undefined variable: html in [APP/views/layouts/default.ctp, line 28]
2010-04-01 20:19:06 Notice: Notice (8): Undefined variable: html in [APP/views/layouts/default.ctp, line 28]
2010-04-01 20:19:08 Notice: Notice (8): Undefined variable: html in [APP/views/layouts/default.ctp, line 28]
2010-04-01 20:19:15 Notice: Notice (8): Undefined variable: html in [APP/views/layouts/default.ctp, line 28]
2010-04-01 20:19:52 Notice: Notice (8): Undefined variable: html in [APP/views/layouts/default.ctp, line 28]
2010-04-01 20:20:12 Notice: Notice (8): Undefined variable: html in [APP/views/layouts/default.ctp, line 28]
2010-04-01 20:20:16 Notice: Notice (8): Undefined variable: html in [APP/views/layouts/default.ctp, line 28]
2010-04-01 20:20:18 Notice: Notice (8): Undefined variable: html in [APP/views/layouts/default.ctp, line 28]
2010-04-01 20:20:25 Notice: Notice (8): Undefined variable: html in [APP/views/layouts/default.ctp, line 28]
2010-04-01 20:20:32 Notice: Notice (8): Undefined variable: html in [APP/views/layouts/default.ctp, line 28]
2010-04-01 20:21:35 Notice: Notice (8): Undefined variable: html in [APP/views/layouts/default.ctp, line 28]
2010-04-01 20:21:44 Notice: Notice (8): Undefined variable: html in [APP/views/layouts/default.ctp, line 28]
2010-04-01 20:22:09 Notice: Notice (8): Undefined variable: html in [APP/views/layouts/default.ctp, line 28]
2010-04-01 20:24:00 Notice: Notice (8): Undefined variable: html in [APP/views/layouts/default.ctp, line 28]
2010-04-01 20:24:12 Notice: Notice (8): Undefined variable: html in [APP/views/layouts/default.ctp, line 28]
2010-04-01 20:29:25 Notice: Notice (8): Undefined variable: html in [APP/views/layouts/default.ctp, line 28]
2010-04-01 20:29:27 Notice: Notice (8): Undefined index:  Membro in [APP/views/congregacoes/membros_congregacao_pdf.ctp, line 38]
2010-04-01 20:29:44 Notice: Notice (8): Undefined variable: html in [APP/views/layouts/default.ctp, line 28]
2010-04-01 20:29:46 Notice: Notice (8): Undefined variable: html in [APP/views/layouts/default.ctp, line 28]
2010-04-01 20:40:50 Notice: Notice (8): Undefined variable: html in [APP/views/layouts/default.ctp, line 28]
2010-04-01 20:40:53 Notice: Notice (8): Undefined variable: html in [APP/views/layouts/default.ctp, line 28]
2010-04-01 20:40:57 Notice: Notice (8): Undefined variable: html in [APP/views/layouts/default.ctp, line 28]
2010-04-01 20:41:01 Notice: Notice (8): Undefined variable: html in [APP/views/layouts/default.ctp, line 28]
2010-04-01 20:45:32 Notice: Notice (8): Undefined variable: html in [APP/views/layouts/default.ctp, line 28]
2010-04-01 20:45:36 Notice: Notice (8): Undefined variable: html in [APP/views/layouts/default.ctp, line 28]
2010-04-01 20:46:28 Notice: Notice (8): Undefined variable: html in [APP/views/layouts/default.ctp, line 28]
2010-04-01 20:47:55 Notice: Notice (8): Undefined variable: html in [APP/views/layouts/default.ctp, line 28]
2010-04-02 03:55:29 Notice: Notice (8): Undefined variable: html in [APP/views/layouts/default.ctp, line 28]
2010-04-02 10:08:30 Notice: Notice (8): Undefined variable: html in [APP/views/layouts/default.ctp, line 28]
2010-04-02 10:09:08 Notice: Notice (8): Undefined variable: html in [APP/views/layouts/default.ctp, line 28]
2010-04-02 10:09:10 Notice: Notice (8): Undefined variable: html in [APP/views/layouts/default.ctp, line 28]
2010-04-02 10:09:15 Notice: Notice (8): Undefined variable: html in [APP/views/layouts/default.ctp, line 28]
2010-04-02 10:09:19 Notice: Notice (8): Undefined variable: html in [APP/views/layouts/default.ctp, line 28]
2010-04-02 10:09:23 Notice: Notice (8): Undefined variable: html in [APP/views/layouts/default.ctp, line 28]
2010-04-02 10:09:33 Notice: Notice (8): Undefined variable: html in [APP/views/layouts/default.ctp, line 28]
2010-04-02 10:10:06 Notice: Notice (8): Undefined variable: html in [APP/views/layouts/default.ctp, line 28]
2010-04-02 10:10:19 Notice: Notice (8): Undefined variable: html in [APP/views/layouts/default.ctp, line 28]
2010-04-02 10:10:26 Notice: Notice (8): Undefined variable: html in [APP/views/layouts/default.ctp, line 28]
2010-04-02 10:10:32 Notice: Notice (8): Undefined variable: html in [APP/views/layouts/default.ctp, line 28]
2010-04-02 10:10:38 Notice: Notice (8): Undefined variable: html in [APP/views/layouts/default.ctp, line 28]
2010-04-02 10:11:20 Notice: Notice (8): Undefined variable: html in [APP/views/layouts/default.ctp, line 28]
2010-04-02 10:12:21 Notice: Notice (8): Undefined variable: html in [APP/views/layouts/default.ctp, line 28]
2010-04-02 10:12:32 Notice: Notice (8): Undefined variable: html in [APP/views/layouts/default.ctp, line 28]
2010-04-02 10:12:50 Notice: Notice (8): Undefined variable: html in [APP/views/layouts/default.ctp, line 28]
2010-04-02 10:13:33 Notice: Notice (8): Undefined variable: html in [APP/views/layouts/default.ctp, line 28]
2010-04-02 10:13:37 Notice: Notice (8): Undefined variable: html in [APP/views/layouts/default.ctp, line 28]
2010-04-02 10:13:57 Notice: Notice (8): Undefined variable: html in [APP/views/layouts/default.ctp, line 28]
2010-04-02 10:14:05 Notice: Notice (8): Undefined variable: html in [APP/views/layouts/default.ctp, line 28]
2010-04-02 12:44:52 Notice: Notice (8): Undefined variable: html in [APP/views/layouts/default.ctp, line 28]
2010-04-02 12:45:39 Notice: Notice (8): Undefined variable: html in [APP/views/layouts/default.ctp, line 28]
2010-04-02 12:45:41 Notice: Notice (8): Undefined variable: html in [APP/views/layouts/default.ctp, line 28]
2010-04-02 12:45:59 Notice: Notice (8): Undefined variable: html in [APP/views/layouts/default.ctp, line 28]
2010-04-02 17:36:51 Notice: Notice (8): Undefined variable: html in [APP/views/layouts/default.ctp, line 28]
2010-04-02 17:36:54 Notice: Notice (8): Undefined variable: html in [APP/views/layouts/default.ctp, line 28]
2010-04-02 17:36:56 Notice: Notice (8): Undefined variable: html in [APP/views/layouts/default.ctp, line 28]
2010-04-02 17:37:24 Notice: Notice (8): Undefined variable: html in [APP/views/layouts/default.ctp, line 28]
2010-04-02 17:37:28 Notice: Notice (8): Undefined variable: html in [APP/views/layouts/default.ctp, line 28]
2010-04-02 17:37:35 Notice: Notice (8): Undefined variable: html in [APP/views/layouts/default.ctp, line 28]
2010-04-02 17:37:40 Notice: Notice (8): Undefined variable: html in [APP/views/layouts/default.ctp, line 28]
2010-04-02 17:37:46 Notice: Notice (8): Undefined variable: html in [APP/views/layouts/default.ctp, line 28]
2010-04-02 17:38:31 Notice: Notice (8): Undefined variable: html in [APP/views/layouts/default.ctp, line 28]
2010-04-02 17:38:34 Notice: Notice (8): Undefined variable: html in [APP/views/layouts/default.ctp, line 28]
2010-04-02 17:39:31 Notice: Notice (8): Undefined variable: html in [APP/views/layouts/default.ctp, line 28]
2010-04-02 17:48:20 Notice: Notice (8): Undefined variable: html in [APP/views/layouts/default.ctp, line 28]
2010-04-02 17:48:53 Notice: Notice (8): Undefined variable: html in [APP/views/layouts/default.ctp, line 28]
2010-04-02 17:48:58 Notice: Notice (8): Undefined variable: html in [APP/views/layouts/default.ctp, line 28]
2010-04-02 17:57:19 Notice: Notice (8): Undefined variable: html in [APP/views/layouts/default.ctp, line 28]
2010-04-02 18:21:40 Notice: Notice (8): Undefined variable: html in [APP/views/layouts/default.ctp, line 28]
2010-04-02 18:21:42 Notice: Notice (8): Undefined variable: html in [APP/views/layouts/default.ctp, line 28]
2010-04-02 18:35:00 Notice: Notice (8): Undefined variable: html in [APP/views/layouts/default.ctp, line 28]
2010-04-02 18:40:38 Notice: Notice (8): Undefined variable: html in [APP/views/layouts/default.ctp, line 28]
2010-04-03 13:31:46 Notice: Notice (8): Undefined variable: html in [APP/views/layouts/default.ctp, line 28]
2010-04-03 13:31:49 Notice: Notice (8): Undefined variable: html in [APP/views/layouts/default.ctp, line 28]
2010-04-03 17:18:45 Notice: Notice (8): Undefined variable: html in [APP/views/layouts/default.ctp, line 28]
2010-04-03 17:18:51 Notice: Notice (8): Undefined variable: html in [APP/views/layouts/default.ctp, line 28]
2010-04-03 18:00:55 Notice: Notice (8): Undefined variable: html in [APP/views/layouts/default.ctp, line 28]
2010-04-03 18:53:21 Notice: Notice (8): Undefined variable: html in [APP/views/layouts/default.ctp, line 28]
2010-04-03 18:53:35 Notice: Notice (8): Undefined variable: html in [APP/views/layouts/default.ctp, line 28]
2010-04-06 12:51:11 Notice: Notice (8): Array to string conversion in [CORE/cake/libs/router.php, line 952]
2010-04-06 12:51:11 Notice: Notice (8): Array to string conversion in [CORE/cake/libs/router.php, line 888]
2010-04-06 12:51:22 Notice: Notice (8): Array to string conversion in [CORE/cake/libs/router.php, line 952]
2010-04-06 12:51:22 Notice: Notice (8): Array to string conversion in [CORE/cake/libs/router.php, line 888]
2010-04-06 13:00:01 Notice: Notice (8): Undefined variable: paginator in [APP/views/consagracoes/index.ctp, line 3]
2010-04-06 13:02:36 Notice: Notice (8): Undefined index:  nome in [APP/views/consagracoes/index.ctp, line 20]
2010-04-06 13:03:04 Notice: Notice (8): Undefined index:  nome in [APP/views/consagracoes/index.ctp, line 20]
2010-04-06 13:03:16 Notice: Notice (8): Undefined index:  nome in [APP/views/consagracoes/index.ctp, line 20]
2010-04-06 13:28:00 Notice: Notice (8): Undefined variable: estados in [APP/views/consagracoes/add.ctp, line 25]
2010-04-06 13:31:07 Notice: Notice (8): Undefined variable: xml in [APP/views/layouts/xml/default.ctp, line 1]
2010-04-06 13:31:16 Notice: Notice (8): Undefined variable: xml in [APP/views/layouts/xml/default.ctp, line 1]
2010-04-06 20:26:28 Notice: Notice (8): Undefined variable: membro in [APP/views/consagracoes/add.ctp, line 21]
2010-04-06 20:26:28 Notice: Notice (8): Undefined variable: membro in [APP/views/consagracoes/add.ctp, line 22]
2010-04-06 20:26:28 Notice: Notice (8): Undefined variable: estados in [APP/views/consagracoes/add.ctp, line 25]
2010-04-22 22:16:21 Notice: Notice (8): Undefined property: OcorrenciasController::$Membro in [APP/controllers/ocorrencias_controller.php, line 10]
2010-04-22 22:20:40 Notice: Notice (8): Undefined variable: consagracoes in [APP/views/ocorrencias/index.ctp, line 13]
2010-06-29 21:39:38 Notice: Notice (8): Undefined variable: membro in [APP/views/ocorrencias/add.ctp, line 6]
2010-06-29 21:39:38 Notice: Notice (8): Undefined variable: membro in [APP/views/ocorrencias/add.ctp, line 7]
2010-06-29 21:39:38 Notice: Notice (8): Undefined variable: membro in [APP/views/ocorrencias/add.ctp, line 11]
2010-06-29 22:02:07 Notice: Notice (8): Undefined index:  Consagracao in [APP/controllers/ocorrencias_controller.php, line 33]
2010-06-29 22:04:04 Notice: Notice (8): Undefined index:  Funcao in [APP/views/ocorrencias/index.ctp, line 24]
2010-06-29 22:04:42 Notice: Notice (8): Undefined index:  pequea_descricao in [APP/views/ocorrencias/index.ctp, line 24]
