2010-03-23 23:48:03 Warning: Warning (2): Cannot modify header information - headers already sent by (output started at /var/www/secretaria/cake/basics.php:109) in [CORE/cake/libs/controller/controller.php, line 647]
2010-03-23 23:48:37 Warning: Warning (2): Cannot modify header information - headers already sent by (output started at /var/www/secretaria/cake/basics.php:109) in [CORE/cake/libs/controller/controller.php, line 647]
2010-03-25 19:40:52 Warning: Warning (512): <span style = "color:Red;text-align:left"><b>SQL Error:</b> 1054: Unknown column 'funcao.nome' in 'where clause'</span> in [CORE/cake/libs/model/datasources/dbo_source.php, line 527]
2010-03-25 19:40:52 Warning: Warning (2): Invalid argument supplied for foreach() in [APP/views/funcoes/index.ctp, line 18]
2010-03-25 19:41:14 Warning: Warning (512): <span style = "color:Red;text-align:left"><b>SQL Error:</b> 1054: Unknown column 'funcao.nome' in 'where clause'</span> in [CORE/cake/libs/model/datasources/dbo_source.php, line 527]
2010-03-25 19:41:14 Warning: Warning (2): Invalid argument supplied for foreach() in [APP/views/funcoes/index.ctp, line 18]
2010-03-25 19:42:38 Warning: Warning (512): <span style = "color:Red;text-align:left"><b>SQL Error:</b> 1054: Unknown column 'funcao.nome' in 'where clause'</span> in [CORE/cake/libs/model/datasources/dbo_source.php, line 527]
2010-03-25 19:42:38 Warning: Warning (2): Invalid argument supplied for foreach() in [APP/views/funcoes/index.ctp, line 18]
2010-03-25 19:44:27 Warning: Warning (2): Invalid argument supplied for foreach() in [APP/views/funcoes/index.ctp, line 18]
2010-03-26 00:00:04 Warning: Warning (512): <span style = "color:Red;text-align:left"><b>SQL Error:</b> 1054: Unknown column 'distinct Cidade.uf' in 'field list'</span> in [CORE/cake/libs/model/datasources/dbo_source.php, line 527]
2010-03-28 14:39:09 Warning: Warning (512): <span style = "color:Red;text-align:left"><b>SQL Error:</b> 1052: Column 'id' in where clause is ambiguous</span> in [CORE/cake/libs/model/datasources/dbo_source.php, line 527]
2010-03-28 14:50:20 Warning: Warning (2): Cannot modify header information - headers already sent by (output started at /var/www/secretaria/cake/basics.php:109) in [APP/vendors/fpdf/fpdf.php, line 1032]
2010-03-28 14:53:25 Warning: Warning (2): Cannot modify header information - headers already sent by (output started at /var/www/secretaria/cake/basics.php:109) in [APP/vendors/fpdf/fpdf.php, line 1032]
2010-03-28 14:56:47 Warning: Warning (2): Cannot modify header information - headers already sent by (output started at /var/www/secretaria/cake/basics.php:109) in [APP/vendors/fpdf/fpdf.php, line 1032]
2010-03-28 14:57:32 Warning: Warning (2): Cannot modify header information - headers already sent by (output started at /var/www/secretaria/cake/basics.php:306) in [APP/vendors/fpdf/fpdf.php, line 1032]
2010-03-28 14:59:52 Warning: Warning (2): Cannot modify header information - headers already sent by (output started at /var/www/secretaria/cake/basics.php:109) in [APP/vendors/fpdf/fpdf.php, line 1032]
2010-03-29 14:16:39 Warning: Warning (2): Cannot modify header information - headers already sent by (output started at /var/www/secretaria/cake/basics.php:109) in [CORE/cake/libs/controller/controller.php, line 647]
2010-03-29 14:26:26 Warning: Warning (2): imagejpeg() [<a href='http://php.net/function.imagejpeg'>function.imagejpeg</a>]: Unable to open '/cartao_1269883585.jpg' for writing: Permission denied in [APP/controllers/components/upload.php, line 287]
2010-03-29 14:26:54 Warning: Warning (2): imagejpeg() [<a href='http://php.net/function.imagejpeg'>function.imagejpeg</a>]: Unable to open '/cartao_1269883613.jpg' for writing: Permission denied in [APP/controllers/components/upload.php, line 287]
2010-03-29 14:30:59 Warning: Warning (2): getimagesize(foto_cartao/cartao_1269883627.jpg.jpg) [<a href='http://php.net/function.getimagesize'>function.getimagesize</a>]: failed to open stream: No such file or directory in [APP/vendors/fpdf/fpdf.php, line 1202]
2010-03-29 14:31:17 Warning: Warning (2): getimagesize(foto_cartao/cartao_1269883627.jpg) [<a href='http://php.net/function.getimagesize'>function.getimagesize</a>]: failed to open stream: No such file or directory in [APP/vendors/fpdf/fpdf.php, line 1202]
2010-03-29 14:31:32 Warning: Warning (2): getimagesize(../foto_cartao/cartao_1269883627.jpg) [<a href='http://php.net/function.getimagesize'>function.getimagesize</a>]: failed to open stream: No such file or directory in [APP/vendors/fpdf/fpdf.php, line 1202]
2010-03-29 14:32:46 Warning: Warning (2): getimagesize(/secretaria/foto_cartao/cartao_1269883627.jpg) [<a href='http://php.net/function.getimagesize'>function.getimagesize</a>]: failed to open stream: No such file or directory in [APP/vendors/fpdf/fpdf.php, line 1202]
2010-03-29 14:33:05 Warning: Warning (2): getimagesize(../../foto_cartao/cartao_1269883627.jpg) [<a href='http://php.net/function.getimagesize'>function.getimagesize</a>]: failed to open stream: No such file or directory in [APP/vendors/fpdf/fpdf.php, line 1202]
2010-03-29 16:11:58 Warning: Warning (512): <span style = "color:Red;text-align:left"><b>SQL Error:</b> 1064: You have an error in your SQL syntax; check the manual that corresponds to your MySQL server version for the right syntax to use near 'order IN ('MONTH(Membro.data_nascimento)', 'DAYOFMONTH(Membro.data_nascimento)')' at line 1</span> in [CORE/cake/libs/model/datasources/dbo_source.php, line 527]
2010-03-29 16:11:58 Warning: Warning (2): Invalid argument supplied for foreach() in [APP/views/membros/aniversariantes.ctp, line 17]
2010-03-29 16:12:38 Warning: Warning (512): <span style = "color:Red;text-align:left"><b>SQL Error:</b> 1064: You have an error in your SQL syntax; check the manual that corresponds to your MySQL server version for the right syntax to use near 'order IN ('MONTH(Membro.data_nascimento)', 'DAYOFMONTH(Membro.data_nascimento)')' at line 1</span> in [CORE/cake/libs/model/datasources/dbo_source.php, line 527]
2010-03-29 16:12:38 Warning: Warning (2): Invalid argument supplied for foreach() in [APP/views/membros/aniversariantes.ctp, line 17]
2010-03-29 16:13:32 Warning: Warning (512): <span style = "color:Red;text-align:left"><b>SQL Error:</b> 1054: Unknown column 'order' in 'where clause'</span> in [CORE/cake/libs/model/datasources/dbo_source.php, line 527]
2010-03-29 16:13:32 Warning: Warning (2): Invalid argument supplied for foreach() in [APP/views/membros/aniversariantes.ctp, line 17]
2010-03-31 11:16:30 Warning: Warning (2): Cannot modify header information - headers already sent by (output started at /var/www/secretaria/cake/basics.php:109) in [APP/vendors/fpdf/fpdf.php, line 1032]
2010-03-31 11:20:54 Warning: Warning (2): include(/var/www/secretaria/app/vendors/fpdf/font/monotype.php) [<a href='http://php.net/function.include'>function.include</a>]: failed to open stream: Arquivo ou diret처rio n찾o encontrado in [APP/vendors/fpdf/fpdf.php, line 467]
2010-03-31 11:20:54 Warning: Warning (2): include() [<a href='http://php.net/function.include'>function.include</a>]: Failed opening '/var/www/secretaria/app/vendors/fpdf/font/monotype.php' for inclusion (include_path='/var/www/secretaria:/var/www/secretaria/app/:.:/usr/share/php:/usr/share/pear') in [APP/vendors/fpdf/fpdf.php, line 467]
2010-03-31 13:20:40 Warning: Warning (512): <span style = "color:Red;text-align:left"><b>SQL Error:</b> 1054: Unknown column 'conditions' in 'where clause'</span> in [CORE/cake/libs/model/datasources/dbo_source.php, line 527]
2010-03-31 13:20:40 Warning: Warning (2): Invalid argument supplied for foreach() in [APP/views/membros/membros_congregacao.ctp, line 18]
2010-03-31 21:00:10 Warning: Warning (512): <span style = "color:Red;text-align:left"><b>SQL Error:</b> 1064: You have an error in your SQL syntax; check the manual that corresponds to your MySQL server version for the right syntax to use near '' at line 1</span> in [CORE/cake/libs/model/datasources/dbo_source.php, line 527]
2010-03-31 21:02:04 Warning: Warning (2): Cannot modify header information - headers already sent by (output started at /var/www/secretaria/app/controllers/membros_controller.php:200) in [CORE/cake/libs/controller/controller.php, line 647]
2010-03-31 21:02:31 Warning: Warning (2): Cannot modify header information - headers already sent by (output started at /var/www/secretaria/app/controllers/membros_controller.php:200) in [CORE/cake/libs/controller/controller.php, line 647]
2010-03-31 21:02:32 Warning: Warning (2): Cannot modify header information - headers already sent by (output started at /var/www/secretaria/app/controllers/membros_controller.php:200) in [CORE/cake/libs/controller/controller.php, line 647]
2010-03-31 21:02:57 Warning: Warning (512): <span style = "color:Red;text-align:left"><b>SQL Error:</b> 1064: You have an error in your SQL syntax; check the manual that corresponds to your MySQL server version for the right syntax to use near '' at line 1</span> in [CORE/cake/libs/model/datasources/dbo_source.php, line 527]
2010-03-31 21:02:57 Warning: Warning (2): Cannot modify header information - headers already sent by (output started at /var/www/secretaria/cake/basics.php:109) in [CORE/cake/libs/controller/controller.php, line 647]
2010-03-31 21:03:07 Warning: Warning (2): Cannot modify header information - headers already sent by (output started at /var/www/secretaria/app/controllers/membros_controller.php:200) in [CORE/cake/libs/controller/controller.php, line 647]
2010-03-31 21:03:44 Warning: Warning (2): Cannot modify header information - headers already sent by (output started at /var/www/secretaria/app/controllers/membros_controller.php:200) in [CORE/cake/libs/controller/controller.php, line 647]
2010-03-31 21:04:04 Warning: Warning (2): Cannot modify header information - headers already sent by (output started at /var/www/secretaria/cake/basics.php:306) in [CORE/cake/libs/controller/controller.php, line 647]
2010-03-31 21:04:21 Warning: Warning (2): Cannot modify header information - headers already sent by (output started at /var/www/secretaria/cake/basics.php:306) in [CORE/cake/libs/controller/controller.php, line 647]
2010-03-31 21:06:45 Warning: Warning (2): Cannot modify header information - headers already sent by (output started at /var/www/secretaria/app/controllers/membros_controller.php:202) in [CORE/cake/libs/controller/controller.php, line 647]
2010-03-31 21:09:16 Warning: Warning (2): Cannot modify header information - headers already sent by (output started at /var/www/secretaria/app/controllers/membros_controller.php:202) in [CORE/cake/libs/controller/controller.php, line 647]
2010-03-31 21:09:37 Warning: Warning (2): Cannot modify header information - headers already sent by (output started at /var/www/secretaria/cake/basics.php:306) in [CORE/cake/libs/controller/controller.php, line 647]
2010-03-31 21:10:39 Warning: Warning (2): Cannot modify header information - headers already sent by (output started at /var/www/secretaria/cake/basics.php:306) in [CORE/cake/libs/controller/controller.php, line 647]
2010-03-31 21:11:05 Warning: Warning (2): Cannot modify header information - headers already sent by (output started at /var/www/secretaria/cake/basics.php:306) in [CORE/cake/libs/controller/controller.php, line 647]
2010-03-31 21:15:46 Warning: Warning (2): Cannot modify header information - headers already sent by (output started at /var/www/secretaria/cake/basics.php:306) in [CORE/cake/libs/controller/controller.php, line 647]
2010-04-03 18:00:58 Warning: Warning (2): getimagesize(img/ass_cleosmar.jpg) [<a href='http://php.net/function.getimagesize'>function.getimagesize</a>]: failed to open stream: No such file or directory in [APP/vendors/fpdf/fpdf.php, line 1202]
2010-04-03 18:01:10 Warning: Warning (2): fopen(img/ass_cleosmar.png) [<a href='http://php.net/function.fopen'>function.fopen</a>]: failed to open stream: No such file or directory in [APP/vendors/fpdf/fpdf.php, line 1226]
2010-04-05 23:48:45 Warning: Warning (512): <span style = "color:Red;text-align:left"><b>SQL Error:</b> 1054: Unknown column 'Consagracao.consagracao_id' in 'field list'</span> in [CORE/cake/libs/model/datasources/dbo_source.php, line 527]
2010-04-05 23:48:45 Warning: Warning (2): Invalid argument supplied for foreach() in [CORE/cake/libs/model/datasources/dbo_source.php, line 920]
2010-04-05 23:50:22 Warning: Warning (512): Method HtmlHelper::href does not exist in [CORE/cake/libs/view/helper.php, line 143]
2010-04-08 20:48:33 Warning: Warning (512): <span style = "color:Red;text-align:left"><b>SQL Error:</b> 1054: Unknown column 'order' in 'where clause'</span> in [CORE/cake/libs/model/datasources/dbo_source.php, line 527]
2010-04-22 22:20:40 Warning: Warning (2): Invalid argument supplied for foreach() in [APP/views/ocorrencias/index.ctp, line 13]
2010-09-26 12:42:29 Warning: Warning (512): <span style = "color:Red;text-align:left"><b>SQL Error:</b> 1054: Unknown column 'Membro.situacao_id' in 'where clause'</span> in [CORE/cake/libs/model/datasources/dbo_source.php, line 527]
2010-09-26 12:42:29 Warning: Warning (2): Invalid argument supplied for foreach() in [APP/views/membros/index.ctp, line 24]
2010-10-05 20:37:03 Warning: Warning (2): getimagesize(fotos_cartao/cartao_1270213970.jpg) [<a href='http://php.net/function.getimagesize'>function.getimagesize</a>]: failed to open stream: Arquivo ou diret처rio n찾o encontrado in [APP/vendors/fpdf/fpdf.php, line 1202]
2010-10-10 11:10:47 Warning: Warning (2): move_uploaded_file(/var/www/adm-ad/secretaria/app/webroot//img/upload//prefix_2009-ultimate-aero.jpg) [<a href='http://php.net/function.move-uploaded-file'>function.move-uploaded-file</a>]: failed to open stream: No such file or directory in [APP/controllers/components/jq_imgcrop.php, line 23]
2010-10-10 11:10:47 Warning: Warning (2): move_uploaded_file() [<a href='http://php.net/function.move-uploaded-file'>function.move-uploaded-file</a>]: Unable to move '/tmp/phprmWwQL' to '/var/www/adm-ad/secretaria/app/webroot//img/upload//prefix_2009-ultimate-aero.jpg' in [APP/controllers/components/jq_imgcrop.php, line 23]
2010-10-10 11:10:47 Warning: Warning (2): chmod() [<a href='http://php.net/function.chmod'>function.chmod</a>]: No such file or directory in [APP/controllers/components/jq_imgcrop.php, line 24]
2010-10-10 11:10:47 Warning: Warning (2): getimagesize(/var/www/adm-ad/secretaria/app/webroot//img/upload//prefix_2009-ultimate-aero.jpg) [<a href='http://php.net/function.getimagesize'>function.getimagesize</a>]: failed to open stream: No such file or directory in [APP/controllers/components/jq_imgcrop.php, line 45]
2010-10-10 11:10:47 Warning: Warning (2): getimagesize(/var/www/adm-ad/secretaria/app/webroot//img/upload//prefix_2009-ultimate-aero.jpg) [<a href='http://php.net/function.getimagesize'>function.getimagesize</a>]: failed to open stream: No such file or directory in [APP/controllers/components/jq_imgcrop.php, line 40]
2010-10-10 11:10:47 Warning: Warning (2): imagecreatetruecolor() [<a href='http://php.net/function.imagecreatetruecolor'>function.imagecreatetruecolor</a>]: Invalid image dimensions in [APP/controllers/components/jq_imgcrop.php, line 53]
2010-10-10 11:10:47 Warning: Warning (2): imagecreatefromjpeg(/var/www/adm-ad/secretaria/app/webroot//img/upload//prefix_2009-ultimate-aero.jpg) [<a href='http://php.net/function.imagecreatefromjpeg'>function.imagecreatefromjpeg</a>]: failed to open stream: No such file or directory in [APP/controllers/components/jq_imgcrop.php, line 59]
2010-10-10 11:10:47 Warning: Warning (2): imagecopyresampled(): supplied argument is not a valid Image resource in [APP/controllers/components/jq_imgcrop.php, line 63]
2010-10-10 11:10:47 Warning: Warning (2): imagejpeg(): supplied argument is not a valid Image resource in [APP/controllers/components/jq_imgcrop.php, line 67]
2010-10-10 11:10:47 Warning: Warning (2): chmod() [<a href='http://php.net/function.chmod'>function.chmod</a>]: No such file or directory in [APP/controllers/components/jq_imgcrop.php, line 71]
2010-10-10 11:49:59 Warning: Warning (2): chmod() [<a href='http://php.net/function.chmod'>function.chmod</a>]: No such file or directory in [APP/controllers/components/jq_imgcrop.php, line 24]
2010-10-10 11:49:59 Warning: Warning (2): getimagesize(/var/www/adm-ad/secretaria/app/webroot//img/upload//orig_66_Shelby_GT350.jpg) [<a href='http://php.net/function.getimagesize'>function.getimagesize</a>]: failed to open stream: No such file or directory in [APP/controllers/components/jq_imgcrop.php, line 45]
2010-10-10 11:49:59 Warning: Warning (2): getimagesize(/var/www/adm-ad/secretaria/app/webroot//img/upload//orig_66_Shelby_GT350.jpg) [<a href='http://php.net/function.getimagesize'>function.getimagesize</a>]: failed to open stream: No such file or directory in [APP/controllers/components/jq_imgcrop.php, line 40]
2010-10-10 11:49:59 Warning: Warning (2): imagecreatetruecolor() [<a href='http://php.net/function.imagecreatetruecolor'>function.imagecreatetruecolor</a>]: Invalid image dimensions in [APP/controllers/components/jq_imgcrop.php, line 53]
2010-10-10 11:49:59 Warning: Warning (2): imagecreatefromjpeg(/var/www/adm-ad/secretaria/app/webroot//img/upload//orig_66_Shelby_GT350.jpg) [<a href='http://php.net/function.imagecreatefromjpeg'>function.imagecreatefromjpeg</a>]: failed to open stream: No such file or directory in [APP/controllers/components/jq_imgcrop.php, line 59]
2010-10-10 11:49:59 Warning: Warning (2): imagecopyresampled(): supplied argument is not a valid Image resource in [APP/controllers/components/jq_imgcrop.php, line 63]
2010-10-10 11:49:59 Warning: Warning (2): imagejpeg(): supplied argument is not a valid Image resource in [APP/controllers/components/jq_imgcrop.php, line 67]
2010-10-10 11:49:59 Warning: Warning (2): chmod() [<a href='http://php.net/function.chmod'>function.chmod</a>]: No such file or directory in [APP/controllers/components/jq_imgcrop.php, line 71]
2010-10-10 11:50:32 Warning: Warning (2): chmod() [<a href='http://php.net/function.chmod'>function.chmod</a>]: No such file or directory in [APP/controllers/components/jq_imgcrop.php, line 24]
2010-10-10 11:50:32 Warning: Warning (2): getimagesize(/var/www/adm-ad/secretaria/app/webroot//img/upload//orig_2511988187_efe00c9f17.jpg) [<a href='http://php.net/function.getimagesize'>function.getimagesize</a>]: failed to open stream: No such file or directory in [APP/controllers/components/jq_imgcrop.php, line 45]
2010-10-10 11:50:32 Warning: Warning (2): getimagesize(/var/www/adm-ad/secretaria/app/webroot//img/upload//orig_2511988187_efe00c9f17.jpg) [<a href='http://php.net/function.getimagesize'>function.getimagesize</a>]: failed to open stream: No such file or directory in [APP/controllers/components/jq_imgcrop.php, line 40]
2010-10-10 11:50:32 Warning: Warning (2): imagecreatetruecolor() [<a href='http://php.net/function.imagecreatetruecolor'>function.imagecreatetruecolor</a>]: Invalid image dimensions in [APP/controllers/components/jq_imgcrop.php, line 53]
2010-10-10 11:50:32 Warning: Warning (2): imagecreatefromjpeg(/var/www/adm-ad/secretaria/app/webroot//img/upload//orig_2511988187_efe00c9f17.jpg) [<a href='http://php.net/function.imagecreatefromjpeg'>function.imagecreatefromjpeg</a>]: failed to open stream: No such file or directory in [APP/controllers/components/jq_imgcrop.php, line 59]
2010-10-10 11:50:32 Warning: Warning (2): imagecopyresampled(): supplied argument is not a valid Image resource in [APP/controllers/components/jq_imgcrop.php, line 63]
2010-10-10 11:50:32 Warning: Warning (2): imagejpeg(): supplied argument is not a valid Image resource in [APP/controllers/components/jq_imgcrop.php, line 67]
2010-10-10 11:50:32 Warning: Warning (2): chmod() [<a href='http://php.net/function.chmod'>function.chmod</a>]: No such file or directory in [APP/controllers/components/jq_imgcrop.php, line 71]
2010-10-10 12:26:11 Warning: Warning (2): imagecopyresampled(): supplied argument is not a valid Image resource in [APP/controllers/components/jq_imgcrop.php, line 69]
2010-10-10 12:26:11 Warning: Warning (2): chmod() [<a href='http://php.net/function.chmod'>function.chmod</a>]: No such file or directory in [APP/controllers/components/jq_imgcrop.php, line 30]
2010-10-10 12:26:11 Warning: Warning (2): getimagesize(/var/www/adm-ad/secretaria/app/webroot//img/upload//prefix_1286724371) [<a href='http://php.net/function.getimagesize'>function.getimagesize</a>]: failed to open stream: No such file or directory in [APP/controllers/components/jq_imgcrop.php, line 51]
2010-10-10 12:26:11 Warning: Warning (2): getimagesize(/var/www/adm-ad/secretaria/app/webroot//img/upload//prefix_1286724371) [<a href='http://php.net/function.getimagesize'>function.getimagesize</a>]: failed to open stream: No such file or directory in [APP/controllers/components/jq_imgcrop.php, line 46]
2010-10-10 12:26:11 Warning: Warning (2): imagecreatetruecolor() [<a href='http://php.net/function.imagecreatetruecolor'>function.imagecreatetruecolor</a>]: Invalid image dimensions in [APP/controllers/components/jq_imgcrop.php, line 59]
2010-10-10 12:26:11 Warning: Warning (2): chmod() [<a href='http://php.net/function.chmod'>function.chmod</a>]: No such file or directory in [APP/controllers/components/jq_imgcrop.php, line 77]
2010-10-10 12:26:31 Warning: Warning (2): imagecopyresampled(): supplied argument is not a valid Image resource in [APP/controllers/components/jq_imgcrop.php, line 69]
2010-10-10 12:26:31 Warning: Warning (2): chmod() [<a href='http://php.net/function.chmod'>function.chmod</a>]: No such file or directory in [APP/controllers/components/jq_imgcrop.php, line 30]
2010-10-10 12:26:31 Warning: Warning (2): getimagesize(/var/www/adm-ad/secretaria/app/webroot//img/upload//prefix_1286724391) [<a href='http://php.net/function.getimagesize'>function.getimagesize</a>]: failed to open stream: No such file or directory in [APP/controllers/components/jq_imgcrop.php, line 51]
2010-10-10 12:26:31 Warning: Warning (2): getimagesize(/var/www/adm-ad/secretaria/app/webroot//img/upload//prefix_1286724391) [<a href='http://php.net/function.getimagesize'>function.getimagesize</a>]: failed to open stream: No such file or directory in [APP/controllers/components/jq_imgcrop.php, line 46]
2010-10-10 12:26:31 Warning: Warning (2): imagecreatetruecolor() [<a href='http://php.net/function.imagecreatetruecolor'>function.imagecreatetruecolor</a>]: Invalid image dimensions in [APP/controllers/components/jq_imgcrop.php, line 59]
2010-10-10 12:26:31 Warning: Warning (2): chmod() [<a href='http://php.net/function.chmod'>function.chmod</a>]: No such file or directory in [APP/controllers/components/jq_imgcrop.php, line 77]
2010-10-10 12:34:42 Warning: Warning (2): imagecopyresampled(): supplied argument is not a valid Image resource in [APP/controllers/components/jq_imgcrop.php, line 71]
2010-10-10 12:34:42 Warning: Warning (2): chmod() [<a href='http://php.net/function.chmod'>function.chmod</a>]: No such file or directory in [APP/controllers/components/jq_imgcrop.php, line 32]
2010-10-10 12:34:42 Warning: Warning (2): getimagesize(/var/www/adm-ad/secretaria/app/webroot//img/upload//prefix_1286724882) [<a href='http://php.net/function.getimagesize'>function.getimagesize</a>]: failed to open stream: No such file or directory in [APP/controllers/components/jq_imgcrop.php, line 53]
2010-10-10 12:34:42 Warning: Warning (2): getimagesize(/var/www/adm-ad/secretaria/app/webroot//img/upload//prefix_1286724882) [<a href='http://php.net/function.getimagesize'>function.getimagesize</a>]: failed to open stream: No such file or directory in [APP/controllers/components/jq_imgcrop.php, line 48]
2010-10-10 12:34:42 Warning: Warning (2): imagecreatetruecolor() [<a href='http://php.net/function.imagecreatetruecolor'>function.imagecreatetruecolor</a>]: Invalid image dimensions in [APP/controllers/components/jq_imgcrop.php, line 61]
2010-10-10 12:34:42 Warning: Warning (2): chmod() [<a href='http://php.net/function.chmod'>function.chmod</a>]: No such file or directory in [APP/controllers/components/jq_imgcrop.php, line 79]
2010-10-10 12:36:16 Warning: Warning (2): imagecopyresampled(): supplied argument is not a valid Image resource in [APP/controllers/components/jq_imgcrop.php, line 71]
2010-10-10 12:36:16 Warning: Warning (2): chmod() [<a href='http://php.net/function.chmod'>function.chmod</a>]: No such file or directory in [APP/controllers/components/jq_imgcrop.php, line 32]
2010-10-10 12:36:16 Warning: Warning (2): getimagesize(/var/www/adm-ad/secretaria/app/webroot//img/upload//prefix_1286724976) [<a href='http://php.net/function.getimagesize'>function.getimagesize</a>]: failed to open stream: No such file or directory in [APP/controllers/components/jq_imgcrop.php, line 53]
2010-10-10 12:36:16 Warning: Warning (2): getimagesize(/var/www/adm-ad/secretaria/app/webroot//img/upload//prefix_1286724976) [<a href='http://php.net/function.getimagesize'>function.getimagesize</a>]: failed to open stream: No such file or directory in [APP/controllers/components/jq_imgcrop.php, line 48]
2010-10-10 12:36:16 Warning: Warning (2): imagecreatetruecolor() [<a href='http://php.net/function.imagecreatetruecolor'>function.imagecreatetruecolor</a>]: Invalid image dimensions in [APP/controllers/components/jq_imgcrop.php, line 61]
2010-10-10 12:36:16 Warning: Warning (2): chmod() [<a href='http://php.net/function.chmod'>function.chmod</a>]: No such file or directory in [APP/controllers/components/jq_imgcrop.php, line 79]
2010-10-10 12:36:42 Warning: Warning (2): chmod() [<a href='http://php.net/function.chmod'>function.chmod</a>]: No such file or directory in [APP/controllers/components/jq_imgcrop.php, line 32]
2010-10-10 12:36:42 Warning: Warning (2): getimagesize(/var/www/adm-ad/secretaria/app/webroot//img/upload//prefix_181112161_4b4b47b9a3_o.jpg) [<a href='http://php.net/function.getimagesize'>function.getimagesize</a>]: failed to open stream: No such file or directory in [APP/controllers/components/jq_imgcrop.php, line 53]
2010-10-10 12:36:42 Warning: Warning (2): getimagesize(/var/www/adm-ad/secretaria/app/webroot//img/upload//prefix_181112161_4b4b47b9a3_o.jpg) [<a href='http://php.net/function.getimagesize'>function.getimagesize</a>]: failed to open stream: No such file or directory in [APP/controllers/components/jq_imgcrop.php, line 48]
2010-10-10 12:36:42 Warning: Warning (2): imagecreatetruecolor() [<a href='http://php.net/function.imagecreatetruecolor'>function.imagecreatetruecolor</a>]: Invalid image dimensions in [APP/controllers/components/jq_imgcrop.php, line 61]
2010-10-10 12:36:42 Warning: Warning (2): imagecreatefromjpeg(/var/www/adm-ad/secretaria/app/webroot//img/upload//prefix_181112161_4b4b47b9a3_o.jpg) [<a href='http://php.net/function.imagecreatefromjpeg'>function.imagecreatefromjpeg</a>]: failed to open stream: No such file or directory in [APP/controllers/components/jq_imgcrop.php, line 67]
2010-10-10 12:36:42 Warning: Warning (2): imagecopyresampled(): supplied argument is not a valid Image resource in [APP/controllers/components/jq_imgcrop.php, line 71]
2010-10-10 12:36:42 Warning: Warning (2): imagejpeg(): supplied argument is not a valid Image resource in [APP/controllers/components/jq_imgcrop.php, line 75]
2010-10-10 12:36:42 Warning: Warning (2): chmod() [<a href='http://php.net/function.chmod'>function.chmod</a>]: No such file or directory in [APP/controllers/components/jq_imgcrop.php, line 79]
2010-10-10 12:38:14 Warning: Warning (2): chmod() [<a href='http://php.net/function.chmod'>function.chmod</a>]: No such file or directory in [APP/controllers/components/jq_imgcrop.php, line 32]
2010-10-10 12:38:14 Warning: Warning (2): getimagesize(/var/www/adm-ad/secretaria/app/webroot//img/upload//prefix_181112161_4b4b47b9a3_o.jpg) [<a href='http://php.net/function.getimagesize'>function.getimagesize</a>]: failed to open stream: No such file or directory in [APP/controllers/components/jq_imgcrop.php, line 53]
2010-10-10 12:38:14 Warning: Warning (2): getimagesize(/var/www/adm-ad/secretaria/app/webroot//img/upload//prefix_181112161_4b4b47b9a3_o.jpg) [<a href='http://php.net/function.getimagesize'>function.getimagesize</a>]: failed to open stream: No such file or directory in [APP/controllers/components/jq_imgcrop.php, line 48]
2010-10-10 12:38:14 Warning: Warning (2): imagecreatetruecolor() [<a href='http://php.net/function.imagecreatetruecolor'>function.imagecreatetruecolor</a>]: Invalid image dimensions in [APP/controllers/components/jq_imgcrop.php, line 61]
2010-10-10 12:38:14 Warning: Warning (2): imagecreatefromjpeg(/var/www/adm-ad/secretaria/app/webroot//img/upload//prefix_181112161_4b4b47b9a3_o.jpg) [<a href='http://php.net/function.imagecreatefromjpeg'>function.imagecreatefromjpeg</a>]: failed to open stream: No such file or directory in [APP/controllers/components/jq_imgcrop.php, line 67]
2010-10-10 12:38:14 Warning: Warning (2): imagecopyresampled(): supplied argument is not a valid Image resource in [APP/controllers/components/jq_imgcrop.php, line 71]
2010-10-10 12:38:14 Warning: Warning (2): imagejpeg(): supplied argument is not a valid Image resource in [APP/controllers/components/jq_imgcrop.php, line 75]
2010-10-10 12:38:14 Warning: Warning (2): chmod() [<a href='http://php.net/function.chmod'>function.chmod</a>]: No such file or directory in [APP/controllers/components/jq_imgcrop.php, line 79]
2010-10-10 12:38:29 Warning: Warning (2): chmod() [<a href='http://php.net/function.chmod'>function.chmod</a>]: No such file or directory in [APP/controllers/components/jq_imgcrop.php, line 32]
2010-10-10 12:38:29 Warning: Warning (2): getimagesize(/var/www/adm-ad/secretaria/app/webroot//img/upload//prefix_66_Shelby_GT350.jpg) [<a href='http://php.net/function.getimagesize'>function.getimagesize</a>]: failed to open stream: No such file or directory in [APP/controllers/components/jq_imgcrop.php, line 53]
2010-10-10 12:38:29 Warning: Warning (2): getimagesize(/var/www/adm-ad/secretaria/app/webroot//img/upload//prefix_66_Shelby_GT350.jpg) [<a href='http://php.net/function.getimagesize'>function.getimagesize</a>]: failed to open stream: No such file or directory in [APP/controllers/components/jq_imgcrop.php, line 48]
2010-10-10 12:38:29 Warning: Warning (2): imagecreatetruecolor() [<a href='http://php.net/function.imagecreatetruecolor'>function.imagecreatetruecolor</a>]: Invalid image dimensions in [APP/controllers/components/jq_imgcrop.php, line 61]
2010-10-10 12:38:29 Warning: Warning (2): imagecreatefromjpeg(/var/www/adm-ad/secretaria/app/webroot//img/upload//prefix_66_Shelby_GT350.jpg) [<a href='http://php.net/function.imagecreatefromjpeg'>function.imagecreatefromjpeg</a>]: failed to open stream: No such file or directory in [APP/controllers/components/jq_imgcrop.php, line 67]
2010-10-10 12:38:29 Warning: Warning (2): imagecopyresampled(): supplied argument is not a valid Image resource in [APP/controllers/components/jq_imgcrop.php, line 71]
2010-10-10 12:38:29 Warning: Warning (2): imagejpeg(): supplied argument is not a valid Image resource in [APP/controllers/components/jq_imgcrop.php, line 75]
2010-10-10 12:38:29 Warning: Warning (2): chmod() [<a href='http://php.net/function.chmod'>function.chmod</a>]: No such file or directory in [APP/controllers/components/jq_imgcrop.php, line 79]
2010-10-10 12:39:02 Warning: Warning (2): chmod() [<a href='http://php.net/function.chmod'>function.chmod</a>]: No such file or directory in [APP/controllers/components/jq_imgcrop.php, line 24]
2010-10-10 12:39:02 Warning: Warning (2): getimagesize(/var/www/adm-ad/secretaria/app/webroot//img/upload//prefix_66_Shelby_GT350.jpg) [<a href='http://php.net/function.getimagesize'>function.getimagesize</a>]: failed to open stream: No such file or directory in [APP/controllers/components/jq_imgcrop.php, line 45]
2010-10-10 12:39:02 Warning: Warning (2): getimagesize(/var/www/adm-ad/secretaria/app/webroot//img/upload//prefix_66_Shelby_GT350.jpg) [<a href='http://php.net/function.getimagesize'>function.getimagesize</a>]: failed to open stream: No such file or directory in [APP/controllers/components/jq_imgcrop.php, line 40]
2010-10-10 12:39:02 Warning: Warning (2): imagecreatetruecolor() [<a href='http://php.net/function.imagecreatetruecolor'>function.imagecreatetruecolor</a>]: Invalid image dimensions in [APP/controllers/components/jq_imgcrop.php, line 53]
2010-10-10 12:39:02 Warning: Warning (2): imagecreatefromjpeg(/var/www/adm-ad/secretaria/app/webroot//img/upload//prefix_66_Shelby_GT350.jpg) [<a href='http://php.net/function.imagecreatefromjpeg'>function.imagecreatefromjpeg</a>]: failed to open stream: No such file or directory in [APP/controllers/components/jq_imgcrop.php, line 59]
2010-10-10 12:39:02 Warning: Warning (2): imagecopyresampled(): supplied argument is not a valid Image resource in [APP/controllers/components/jq_imgcrop.php, line 63]
2010-10-10 12:39:02 Warning: Warning (2): imagejpeg(): supplied argument is not a valid Image resource in [APP/controllers/components/jq_imgcrop.php, line 67]
2010-10-10 12:39:02 Warning: Warning (2): chmod() [<a href='http://php.net/function.chmod'>function.chmod</a>]: No such file or directory in [APP/controllers/components/jq_imgcrop.php, line 71]
2010-10-10 12:48:00 Warning: Warning (2): Missing argument 1 for FotoController::index(), called in /var/www/adm-ad/secretaria/cake/libs/object.php on line 116 and defined in [APP/controllers/foto_controller.php, line 10]
2010-10-10 12:50:39 Warning: Warning (2): Missing argument 1 for FotoController::index(), called in /var/www/adm-ad/secretaria/cake/libs/object.php on line 116 and defined in [APP/controllers/foto_controller.php, line 10]
2010-10-10 12:50:45 Warning: Warning (2): Missing argument 1 for FotoController::index(), called in /var/www/adm-ad/secretaria/cake/libs/object.php on line 116 and defined in [APP/controllers/foto_controller.php, line 10]
2010-10-12 11:16:28 Warning: Warning (2): chmod() [<a href='http://php.net/function.chmod'>function.chmod</a>]: No such file or directory in [APP/controllers/components/jq_imgcrop.php, line 24]
2010-10-12 11:16:28 Warning: Warning (2): getimagesize(/var/www/adm-ad/secretaria/app/webroot//img/upload//prefix_) [<a href='http://php.net/function.getimagesize'>function.getimagesize</a>]: failed to open stream: No such file or directory in [APP/controllers/components/jq_imgcrop.php, line 45]
2010-10-12 11:16:28 Warning: Warning (2): getimagesize(/var/www/adm-ad/secretaria/app/webroot//img/upload//prefix_) [<a href='http://php.net/function.getimagesize'>function.getimagesize</a>]: failed to open stream: No such file or directory in [APP/controllers/components/jq_imgcrop.php, line 40]
2010-10-12 11:16:28 Warning: Warning (2): imagecreatetruecolor() [<a href='http://php.net/function.imagecreatetruecolor'>function.imagecreatetruecolor</a>]: Invalid image dimensions in [APP/controllers/components/jq_imgcrop.php, line 53]
2010-10-12 11:16:28 Warning: Warning (2): imagecopyresampled(): supplied argument is not a valid Image resource in [APP/controllers/components/jq_imgcrop.php, line 63]
2010-10-12 11:16:28 Warning: Warning (2): chmod() [<a href='http://php.net/function.chmod'>function.chmod</a>]: No such file or directory in [APP/controllers/components/jq_imgcrop.php, line 71]
2010-10-12 11:16:49 Warning: Warning (2): chmod() [<a href='http://php.net/function.chmod'>function.chmod</a>]: No such file or directory in [APP/controllers/components/jq_imgcrop.php, line 24]
2010-10-12 11:16:49 Warning: Warning (2): getimagesize(/var/www/adm-ad/secretaria/app/webroot//img/upload//prefix_) [<a href='http://php.net/function.getimagesize'>function.getimagesize</a>]: failed to open stream: No such file or directory in [APP/controllers/components/jq_imgcrop.php, line 45]
2010-10-12 11:16:49 Warning: Warning (2): getimagesize(/var/www/adm-ad/secretaria/app/webroot//img/upload//prefix_) [<a href='http://php.net/function.getimagesize'>function.getimagesize</a>]: failed to open stream: No such file or directory in [APP/controllers/components/jq_imgcrop.php, line 40]
2010-10-12 11:16:49 Warning: Warning (2): imagecreatetruecolor() [<a href='http://php.net/function.imagecreatetruecolor'>function.imagecreatetruecolor</a>]: Invalid image dimensions in [APP/controllers/components/jq_imgcrop.php, line 53]
2010-10-12 11:16:49 Warning: Warning (2): imagecopyresampled(): supplied argument is not a valid Image resource in [APP/controllers/components/jq_imgcrop.php, line 63]
2010-10-12 11:16:49 Warning: Warning (2): chmod() [<a href='http://php.net/function.chmod'>function.chmod</a>]: No such file or directory in [APP/controllers/components/jq_imgcrop.php, line 71]
2010-10-12 11:59:27 Warning: Warning (2): imagecopyresampled(): supplied argument is not a valid Image resource in [APP/controllers/components/jq_imgcrop.php, line 64]
2010-10-12 17:44:25 Warning: Warning (2): Cannot modify header information - headers already sent by (output started at /var/www/adm-ad/secretaria/cake/basics.php:109) in [CORE/cake/libs/controller/controller.php, line 647]
2010-10-12 17:45:58 Warning: Warning (2): Cannot modify header information - headers already sent by (output started at /var/www/adm-ad/secretaria/cake/basics.php:109) in [CORE/cake/libs/controller/controller.php, line 647]
2010-11-15 18:13:46 Warning: Warning (2): Invalid argument supplied for foreach() in [C:\AppServ\www\adm-ad\secretaria\cake\libs\view\helpers\form.php, line 1084]
2010-11-16 20:14:27 Warning: Warning (2): Cannot modify header information - headers already sent by (output started at C:\AppServ\www\adm-ad\secretaria\cake\libs\debugger.php:673) in [C:\AppServ\www\adm-ad\secretaria\cake\libs\controller\controller.php, line 746]
2010-11-16 20:23:05 Warning: Warning (2): copy() [<a href='http://php.net/function.copy'>function.copy</a>]: The first argument to copy() function cannot be a directory in [C:\AppServ\www\adm-ad\secretaria\app\controllers\membros_controller.php, line 146]
2010-11-16 20:23:05 Warning: Warning (2): Cannot modify header information - headers already sent by (output started at C:\AppServ\www\adm-ad\secretaria\cake\libs\debugger.php:673) in [C:\AppServ\www\adm-ad\secretaria\cake\libs\controller\controller.php, line 746]
2010-11-16 20:24:18 Warning: Warning (2): copy() [<a href='http://php.net/function.copy'>function.copy</a>]: The first argument to copy() function cannot be a directory in [C:\AppServ\www\adm-ad\secretaria\app\controllers\membros_controller.php, line 146]
2010-11-16 20:24:18 Warning: Warning (2): Cannot modify header information - headers already sent by (output started at C:\AppServ\www\adm-ad\secretaria\cake\libs\debugger.php:673) in [C:\AppServ\www\adm-ad\secretaria\cake\libs\controller\controller.php, line 746]
2010-11-16 20:25:05 Warning: Warning (2): copy() [<a href='http://php.net/function.copy'>function.copy</a>]: The first argument to copy() function cannot be a directory in [C:\AppServ\www\adm-ad\secretaria\app\controllers\membros_controller.php, line 146]
2010-11-16 20:25:05 Warning: Warning (2): Cannot modify header information - headers already sent by (output started at C:\AppServ\www\adm-ad\secretaria\cake\libs\debugger.php:673) in [C:\AppServ\www\adm-ad\secretaria\cake\libs\controller\controller.php, line 746]
